{"/Users/kiranjothundal/Documents/hospital-dashboard/src/App.tsx": {"path":"/Users/kiranjothundal/Documents/hospital-dashboard/src/App.tsx","statementMap":{"0":{"start":{"line":10,"column":19},"end":{"line":15,"column":1}},"1":{"start":{"line":11,"column":22},"end":{"line":11,"column":38}},"2":{"start":{"line":12,"column":2},"end":{"line":12,"column":31}},"3":{"start":{"line":14,"column":2},"end":{"line":14,"column":23}},"4":{"start":{"line":18,"column":2},"end":{"line":25,"column":4}}},"fnMap":{"0":{"name":"(anonymous_0)","decl":{"start":{"line":10,"column":19},"end":{"line":10,"column":20}},"loc":{"start":{"line":10,"column":25},"end":{"line":15,"column":1}},"line":10},"1":{"name":"App","decl":{"start":{"line":17,"column":9},"end":{"line":17,"column":12}},"loc":{"start":{"line":17,"column":15},"end":{"line":26,"column":1}},"line":17}},"branchMap":{},"s":{"0":0,"1":0,"2":0,"3":0,"4":0},"f":{"0":0,"1":0},"b":{}}
,"/Users/kiranjothundal/Documents/hospital-dashboard/src/__tests__/test-utils.tsx": {"path":"/Users/kiranjothundal/Documents/hospital-dashboard/src/__tests__/test-utils.tsx","statementMap":{"0":{"start":{"line":24,"column":24},"end":{"line":32,"column":1}},"1":{"start":{"line":25,"column":2},"end":{"line":31,"column":5}},"2":{"start":{"line":34,"column":21},"end":{"line":64,"column":1}},"3":{"start":{"line":42,"column":22},"end":{"line":48,"column":4}},"4":{"start":{"line":51,"column":4},"end":{"line":57,"column":6}},"5":{"start":{"line":60,"column":2},"end":{"line":63,"column":4}},"6":{"start":{"line":67,"column":26},"end":{"line":69,"column":2}},"7":{"start":{"line":67,"column":32},"end":{"line":69,"column":2}},"8":{"start":{"line":68,"column":2},"end":{"line":68,"column":55}},"9":{"start":{"line":68,"column":31},"end":{"line":68,"column":53}}},"fnMap":{"0":{"name":"(anonymous_0)","decl":{"start":{"line":24,"column":24},"end":{"line":24,"column":25}},"loc":{"start":{"line":24,"column":75},"end":{"line":32,"column":1}},"line":24},"1":{"name":"(anonymous_1)","decl":{"start":{"line":34,"column":21},"end":{"line":34,"column":22}},"loc":{"start":{"line":41,"column":5},"end":{"line":64,"column":1}},"line":41},"2":{"name":"Wrapper","decl":{"start":{"line":50,"column":11},"end":{"line":50,"column":18}},"loc":{"start":{"line":50,"column":64},"end":{"line":58,"column":3}},"line":50},"3":{"name":"(anonymous_3)","decl":{"start":{"line":67,"column":26},"end":{"line":67,"column":27}},"loc":{"start":{"line":67,"column":32},"end":{"line":69,"column":2}},"line":67},"4":{"name":"(anonymous_4)","decl":{"start":{"line":67,"column":36},"end":{"line":67,"column":37}},"loc":{"start":{"line":67,"column":48},"end":{"line":69,"column":1}},"line":67},"5":{"name":"(anonymous_5)","decl":{"start":{"line":68,"column":20},"end":{"line":68,"column":21}},"loc":{"start":{"line":68,"column":31},"end":{"line":68,"column":53}},"line":68}},"branchMap":{"0":{"loc":{"start":{"line":36,"column":2},"end":{"line":40,"column":31}},"type":"default-arg","locations":[{"start":{"line":40,"column":29},"end":{"line":40,"column":31}}],"line":36},"1":{"loc":{"start":{"line":37,"column":4},"end":{"line":37,"column":23}},"type":"default-arg","locations":[{"start":{"line":37,"column":21},"end":{"line":37,"column":23}}],"line":37},"2":{"loc":{"start":{"line":38,"column":4},"end":{"line":38,"column":43}},"type":"default-arg","locations":[{"start":{"line":38,"column":12},"end":{"line":38,"column":43}}],"line":38}},"s":{"0":2,"1":10,"2":2,"3":10,"4":11,"5":10,"6":2,"7":0,"8":0,"9":0},"f":{"0":10,"1":10,"2":11,"3":0,"4":0,"5":0},"b":{"0":[10],"1":[10],"2":[10]},"_coverageSchema":"1a1c01bbd47fc00a2c39e90264f33305004495a9","hash":"1814f079d4e15a3af25f061d2141cf86cec5947a"}
,"/Users/kiranjothundal/Documents/hospital-dashboard/src/__tests__/types.ts": {"path":"/Users/kiranjothundal/Documents/hospital-dashboard/src/__tests__/types.ts","statementMap":{},"fnMap":{},"branchMap":{},"s":{},"f":{},"b":{}}
,"/Users/kiranjothundal/Documents/hospital-dashboard/src/__tests__/test-utils/mockData.ts": {"path":"/Users/kiranjothundal/Documents/hospital-dashboard/src/__tests__/test-utils/mockData.ts","statementMap":{"0":{"start":{"line":4,"column":34},"end":{"line":29,"column":5}},"1":{"start":{"line":4,"column":51},"end":{"line":29,"column":5}},"2":{"start":{"line":32,"column":39},"end":{"line":44,"column":5}},"3":{"start":{"line":33,"column":2},"end":{"line":44,"column":5}},"4":{"start":{"line":33,"column":52},"end":{"line":44,"column":3}}},"fnMap":{"0":{"name":"(anonymous_0)","decl":{"start":{"line":4,"column":34},"end":{"line":4,"column":35}},"loc":{"start":{"line":4,"column":51},"end":{"line":29,"column":5}},"line":4},"1":{"name":"(anonymous_1)","decl":{"start":{"line":32,"column":39},"end":{"line":32,"column":40}},"loc":{"start":{"line":33,"column":2},"end":{"line":44,"column":5}},"line":33},"2":{"name":"(anonymous_2)","decl":{"start":{"line":33,"column":32},"end":{"line":33,"column":33}},"loc":{"start":{"line":33,"column":52},"end":{"line":44,"column":3}},"line":33}},"branchMap":{"0":{"loc":{"start":{"line":32,"column":40},"end":{"line":32,"column":60}},"type":"default-arg","locations":[{"start":{"line":32,"column":56},"end":{"line":32,"column":60}}],"line":32},"1":{"loc":{"start":{"line":37,"column":13},"end":{"line":37,"column":44}},"type":"cond-expr","locations":[{"start":{"line":37,"column":27},"end":{"line":37,"column":33}},{"start":{"line":37,"column":36},"end":{"line":37,"column":44}}],"line":37}},"s":{"0":3,"1":10,"2":3,"3":1,"4":1000},"f":{"0":10,"1":1,"2":1000},"b":{"0":[1],"1":[500,500]},"_coverageSchema":"1a1c01bbd47fc00a2c39e90264f33305004495a9","hash":"c67019822dafe796cdea97c592c7d05e48c0b79c"}
,"/Users/kiranjothundal/Documents/hospital-dashboard/src/__tests__/test-utils/mockHooks.ts": {"path":"/Users/kiranjothundal/Documents/hospital-dashboard/src/__tests__/test-utils/mockHooks.ts","statementMap":{"0":{"start":{"line":5,"column":31},"end":{"line":23,"column":1}},"1":{"start":{"line":16,"column":2},"end":{"line":22,"column":5}}},"fnMap":{"0":{"name":"(anonymous_0)","decl":{"start":{"line":5,"column":31},"end":{"line":5,"column":32}},"loc":{"start":{"line":15,"column":6},"end":{"line":23,"column":1}},"line":15}},"branchMap":{"0":{"loc":{"start":{"line":6,"column":2},"end":{"line":6,"column":24}},"type":"default-arg","locations":[{"start":{"line":6,"column":9},"end":{"line":6,"column":24}}],"line":6},"1":{"loc":{"start":{"line":7,"column":2},"end":{"line":7,"column":19}},"type":"default-arg","locations":[{"start":{"line":7,"column":14},"end":{"line":7,"column":19}}],"line":7},"2":{"loc":{"start":{"line":8,"column":2},"end":{"line":8,"column":17}},"type":"default-arg","locations":[{"start":{"line":8,"column":12},"end":{"line":8,"column":17}}],"line":8},"3":{"loc":{"start":{"line":9,"column":2},"end":{"line":9,"column":14}},"type":"default-arg","locations":[{"start":{"line":9,"column":10},"end":{"line":9,"column":14}}],"line":9}},"s":{"0":1,"1":7},"f":{"0":7},"b":{"0":[2],"1":[6],"2":[6],"3":[6]},"_coverageSchema":"1a1c01bbd47fc00a2c39e90264f33305004495a9","hash":"3b71cc465b542792bfcc82481b56de123598d748"}
,"/Users/kiranjothundal/Documents/hospital-dashboard/src/__tests__/test-utils/searchTestHelpers.ts": {"path":"/Users/kiranjothundal/Documents/hospital-dashboard/src/__tests__/test-utils/searchTestHelpers.ts","statementMap":{"0":{"start":{"line":3,"column":39},"end":{"line":20,"column":3}},"1":{"start":{"line":11,"column":4},"end":{"line":19,"column":7}},"2":{"start":{"line":12,"column":22},"end":{"line":12,"column":48}},"3":{"start":{"line":14,"column":6},"end":{"line":14,"column":56}},"4":{"start":{"line":16,"column":6},"end":{"line":18,"column":7}},"5":{"start":{"line":17,"column":8},"end":{"line":17,"column":54}}},"fnMap":{"0":{"name":"(anonymous_0)","decl":{"start":{"line":3,"column":39},"end":{"line":3,"column":40}},"loc":{"start":{"line":10,"column":7},"end":{"line":20,"column":3}},"line":10},"1":{"name":"(anonymous_1)","decl":{"start":{"line":11,"column":22},"end":{"line":11,"column":23}},"loc":{"start":{"line":11,"column":82},"end":{"line":19,"column":5}},"line":11}},"branchMap":{"0":{"loc":{"start":{"line":16,"column":6},"end":{"line":18,"column":7}},"type":"if","locations":[{"start":{"line":16,"column":6},"end":{"line":18,"column":7}},{"start":{},"end":{}}],"line":16}},"s":{"0":0,"1":0,"2":0,"3":0,"4":0,"5":0},"f":{"0":0,"1":0},"b":{"0":[0,0]}}
,"/Users/kiranjothundal/Documents/hospital-dashboard/src/__tests__/test-utils/testHelpers.ts": {"path":"/Users/kiranjothundal/Documents/hospital-dashboard/src/__tests__/test-utils/testHelpers.ts","statementMap":{"0":{"start":{"line":4,"column":38},"end":{"line":8,"column":1}},"1":{"start":{"line":5,"column":2},"end":{"line":7,"column":5}},"2":{"start":{"line":6,"column":4},"end":{"line":6,"column":55}},"3":{"start":{"line":10,"column":36},"end":{"line":14,"column":1}},"4":{"start":{"line":11,"column":2},"end":{"line":13,"column":5}},"5":{"start":{"line":12,"column":4},"end":{"line":12,"column":61}}},"fnMap":{"0":{"name":"(anonymous_0)","decl":{"start":{"line":4,"column":38},"end":{"line":4,"column":39}},"loc":{"start":{"line":4,"column":70},"end":{"line":8,"column":1}},"line":4},"1":{"name":"(anonymous_1)","decl":{"start":{"line":5,"column":27},"end":{"line":5,"column":28}},"loc":{"start":{"line":5,"column":37},"end":{"line":7,"column":3}},"line":5},"2":{"name":"(anonymous_2)","decl":{"start":{"line":10,"column":36},"end":{"line":10,"column":37}},"loc":{"start":{"line":10,"column":70},"end":{"line":14,"column":1}},"line":10},"3":{"name":"(anonymous_3)","decl":{"start":{"line":11,"column":29},"end":{"line":11,"column":30}},"loc":{"start":{"line":11,"column":39},"end":{"line":13,"column":3}},"line":11}},"branchMap":{},"s":{"0":1,"1":2,"2":3,"3":1,"4":1,"5":1},"f":{"0":2,"1":3,"2":1,"3":1},"b":{},"_coverageSchema":"1a1c01bbd47fc00a2c39e90264f33305004495a9","hash":"6b8d7a4c141397ba2bab6ed15efca390eecd326e"}
,"/Users/kiranjothundal/Documents/hospital-dashboard/src/components/layout/Dashboard.tsx": {"path":"/Users/kiranjothundal/Documents/hospital-dashboard/src/components/layout/Dashboard.tsx","statementMap":{"0":{"start":{"line":19,"column":32},"end":{"line":19,"column":57}},"1":{"start":{"line":20,"column":34},"end":{"line":20,"column":61}},"2":{"start":{"line":22,"column":27},"end":{"line":57,"column":1}},"3":{"start":{"line":35,"column":2},"end":{"line":56,"column":4}},"4":{"start":{"line":42,"column":8},"end":{"line":42,"column":37}},"5":{"start":{"line":44,"column":8},"end":{"line":53,"column":10}},"6":{"start":{"line":59,"column":25},"end":{"line":141,"column":1}},"7":{"start":{"line":60,"column":2},"end":{"line":60,"column":17}},"8":{"start":{"line":62,"column":26},"end":{"line":62,"column":62}},"9":{"start":{"line":63,"column":27},"end":{"line":63,"column":65}},"10":{"start":{"line":71,"column":6},"end":{"line":71,"column":19}},"11":{"start":{"line":73,"column":50},"end":{"line":73,"column":65}},"12":{"start":{"line":74,"column":50},"end":{"line":74,"column":85}},"13":{"start":{"line":76,"column":50},"end":{"line":76,"column":76}},"14":{"start":{"line":82,"column":6},"end":{"line":82,"column":33}},"15":{"start":{"line":84,"column":32},"end":{"line":86,"column":8}},"16":{"start":{"line":85,"column":4},"end":{"line":85,"column":41}},"17":{"start":{"line":85,"column":30},"end":{"line":85,"column":39}},"18":{"start":{"line":88,"column":19},"end":{"line":96,"column":78}},"19":{"start":{"line":89,"column":4},"end":{"line":89,"column":26}},"20":{"start":{"line":90,"column":4},"end":{"line":90,"column":22}},"21":{"start":{"line":91,"column":4},"end":{"line":91,"column":27}},"22":{"start":{"line":92,"column":4},"end":{"line":92,"column":30}},"23":{"start":{"line":93,"column":4},"end":{"line":95,"column":5}},"24":{"start":{"line":94,"column":6},"end":{"line":94,"column":25}},"25":{"start":{"line":98,"column":2},"end":{"line":98,"column":43}},"26":{"start":{"line":98,"column":17},"end":{"line":98,"column":43}},"27":{"start":{"line":99,"column":2},"end":{"line":99,"column":72}},"28":{"start":{"line":99,"column":24},"end":{"line":99,"column":72}},"29":{"start":{"line":101,"column":2},"end":{"line":140,"column":4}},"30":{"start":{"line":105,"column":25},"end":{"line":105,"column":50}},"31":{"start":{"line":126,"column":26},"end":{"line":126,"column":63}},"32":{"start":{"line":128,"column":26},"end":{"line":128,"column":50}}},"fnMap":{"0":{"name":"(anonymous_0)","decl":{"start":{"line":22,"column":27},"end":{"line":22,"column":28}},"loc":{"start":{"line":34,"column":6},"end":{"line":57,"column":1}},"line":34},"1":{"name":"(anonymous_1)","decl":{"start":{"line":41,"column":7},"end":{"line":41,"column":8}},"loc":{"start":{"line":41,"column":62},"end":{"line":54,"column":7}},"line":41},"2":{"name":"(anonymous_2)","decl":{"start":{"line":59,"column":25},"end":{"line":59,"column":26}},"loc":{"start":{"line":59,"column":31},"end":{"line":141,"column":1}},"line":59},"3":{"name":"(anonymous_3)","decl":{"start":{"line":84,"column":44},"end":{"line":84,"column":45}},"loc":{"start":{"line":84,"column":71},"end":{"line":86,"column":3}},"line":84},"4":{"name":"(anonymous_4)","decl":{"start":{"line":85,"column":24},"end":{"line":85,"column":25}},"loc":{"start":{"line":85,"column":30},"end":{"line":85,"column":39}},"line":85},"5":{"name":"(anonymous_5)","decl":{"start":{"line":88,"column":31},"end":{"line":88,"column":32}},"loc":{"start":{"line":88,"column":37},"end":{"line":96,"column":3}},"line":88},"6":{"name":"(anonymous_6)","decl":{"start":{"line":105,"column":19},"end":{"line":105,"column":20}},"loc":{"start":{"line":105,"column":25},"end":{"line":105,"column":50}},"line":105},"7":{"name":"(anonymous_7)","decl":{"start":{"line":126,"column":20},"end":{"line":126,"column":21}},"loc":{"start":{"line":126,"column":26},"end":{"line":126,"column":63}},"line":126},"8":{"name":"(anonymous_8)","decl":{"start":{"line":128,"column":20},"end":{"line":128,"column":21}},"loc":{"start":{"line":128,"column":26},"end":{"line":128,"column":50}},"line":128}},"branchMap":{"0":{"loc":{"start":{"line":66,"column":10},"end":{"line":66,"column":23}},"type":"default-arg","locations":[{"start":{"line":66,"column":21},"end":{"line":66,"column":23}}],"line":66},"1":{"loc":{"start":{"line":93,"column":4},"end":{"line":95,"column":5}},"type":"if","locations":[{"start":{"line":93,"column":4},"end":{"line":95,"column":5}},{"start":{},"end":{}}],"line":93},"2":{"loc":{"start":{"line":98,"column":2},"end":{"line":98,"column":43}},"type":"if","locations":[{"start":{"line":98,"column":2},"end":{"line":98,"column":43}},{"start":{},"end":{}}],"line":98},"3":{"loc":{"start":{"line":99,"column":2},"end":{"line":99,"column":72}},"type":"if","locations":[{"start":{"line":99,"column":2},"end":{"line":99,"column":72}},{"start":{},"end":{}}],"line":99},"4":{"loc":{"start":{"line":99,"column":6},"end":{"line":99,"column":22}},"type":"binary-expr","locations":[{"start":{"line":99,"column":6},"end":{"line":99,"column":13}},{"start":{"line":99,"column":17},"end":{"line":99,"column":22}}],"line":99},"5":{"loc":{"start":{"line":103,"column":7},"end":{"line":108,"column":7}},"type":"binary-expr","locations":[{"start":{"line":103,"column":7},"end":{"line":103,"column":24}},{"start":{"line":104,"column":8},"end":{"line":107,"column":10}}],"line":103},"6":{"loc":{"start":{"line":114,"column":22},"end":{"line":114,"column":87}},"type":"cond-expr","locations":[{"start":{"line":114,"column":38},"end":{"line":114,"column":75}},{"start":{"line":114,"column":78},"end":{"line":114,"column":87}}],"line":114}},"s":{"0":1,"1":1,"2":1,"3":6,"4":6,"5":6,"6":1,"7":12,"8":12,"9":11,"10":11,"11":11,"12":11,"13":11,"14":11,"15":11,"16":6,"17":6,"18":11,"19":0,"20":0,"21":0,"22":0,"23":0,"24":0,"25":11,"26":1,"27":10,"28":1,"29":9,"30":0,"31":0,"32":0},"f":{"0":6,"1":6,"2":12,"3":6,"4":6,"5":0,"6":0,"7":0,"8":0},"b":{"0":[0],"1":[0,0],"2":[1,10],"3":[1,9],"4":[10,1],"5":[9,0],"6":[9,0]},"_coverageSchema":"1a1c01bbd47fc00a2c39e90264f33305004495a9","hash":"b318888614e6104e8b732d1548ec61ec70795f38"}
,"/Users/kiranjothundal/Documents/hospital-dashboard/src/components/layout/Header.tsx": {"path":"/Users/kiranjothundal/Documents/hospital-dashboard/src/components/layout/Header.tsx","statementMap":{"0":{"start":{"line":11,"column":22},"end":{"line":36,"column":1}},"1":{"start":{"line":12,"column":36},"end":{"line":12,"column":97}},"2":{"start":{"line":14,"column":2},"end":{"line":16,"column":9}},"3":{"start":{"line":15,"column":4},"end":{"line":15,"column":54}},"4":{"start":{"line":15,"column":34},"end":{"line":15,"column":52}},"5":{"start":{"line":18,"column":2},"end":{"line":35,"column":4}}},"fnMap":{"0":{"name":"(anonymous_0)","decl":{"start":{"line":11,"column":22},"end":{"line":11,"column":23}},"loc":{"start":{"line":11,"column":82},"end":{"line":36,"column":1}},"line":11},"1":{"name":"(anonymous_1)","decl":{"start":{"line":14,"column":12},"end":{"line":14,"column":13}},"loc":{"start":{"line":14,"column":18},"end":{"line":16,"column":3}},"line":14},"2":{"name":"(anonymous_2)","decl":{"start":{"line":15,"column":24},"end":{"line":15,"column":25}},"loc":{"start":{"line":15,"column":34},"end":{"line":15,"column":52}},"line":15}},"branchMap":{"0":{"loc":{"start":{"line":23,"column":9},"end":{"line":25,"column":9}},"type":"binary-expr","locations":[{"start":{"line":23,"column":9},"end":{"line":23,"column":19}},{"start":{"line":24,"column":10},"end":{"line":24,"column":76}}],"line":23},"1":{"loc":{"start":{"line":26,"column":9},"end":{"line":30,"column":9}},"type":"binary-expr","locations":[{"start":{"line":26,"column":9},"end":{"line":26,"column":18}},{"start":{"line":27,"column":10},"end":{"line":29,"column":14}}],"line":26}},"s":{"0":1,"1":6,"2":6,"3":3,"4":3,"5":6},"f":{"0":6,"1":3,"2":3},"b":{"0":[6,6],"1":[6,0]},"_coverageSchema":"1a1c01bbd47fc00a2c39e90264f33305004495a9","hash":"7b530c11df0e6dff325e472d73e02158a4d0bd3f"}
,"/Users/kiranjothundal/Documents/hospital-dashboard/src/components/patient/PatientFilterPanel.tsx": {"path":"/Users/kiranjothundal/Documents/hospital-dashboard/src/components/patient/PatientFilterPanel.tsx","statementMap":{"0":{"start":{"line":9,"column":34},"end":{"line":174,"column":1}},"1":{"start":{"line":13,"column":26},"end":{"line":13,"column":38}},"2":{"start":{"line":14,"column":34},"end":{"line":17,"column":4}},"3":{"start":{"line":18,"column":30},"end":{"line":18,"column":81}},"4":{"start":{"line":19,"column":26},"end":{"line":19,"column":38}},"5":{"start":{"line":20,"column":46},"end":{"line":24,"column":4}},"6":{"start":{"line":25,"column":44},"end":{"line":25,"column":59}},"7":{"start":{"line":27,"column":29},"end":{"line":41,"column":3}},"8":{"start":{"line":29,"column":6},"end":{"line":29,"column":93}},"9":{"start":{"line":29,"column":30},"end":{"line":29,"column":47}},"10":{"start":{"line":31,"column":4},"end":{"line":38,"column":7}},"11":{"start":{"line":40,"column":4},"end":{"line":40,"column":14}},"12":{"start":{"line":43,"column":2},"end":{"line":173,"column":4}},"13":{"start":{"line":75,"column":29},"end":{"line":75,"column":52}},"14":{"start":{"line":87,"column":16},"end":{"line":87,"column":87}},"15":{"start":{"line":87,"column":38},"end":{"line":87,"column":86}},"16":{"start":{"line":95,"column":16},"end":{"line":95,"column":87}},"17":{"start":{"line":95,"column":38},"end":{"line":95,"column":86}},"18":{"start":{"line":106,"column":29},"end":{"line":106,"column":85}},"19":{"start":{"line":121,"column":29},"end":{"line":121,"column":52}},"20":{"start":{"line":133,"column":16},"end":{"line":147,"column":22}},"21":{"start":{"line":138,"column":22},"end":{"line":142,"column":25}},"22":{"start":{"line":138,"column":51},"end":{"line":142,"column":23}},"23":{"start":{"line":158,"column":30},"end":{"line":158,"column":62}}},"fnMap":{"0":{"name":"(anonymous_0)","decl":{"start":{"line":9,"column":34},"end":{"line":9,"column":35}},"loc":{"start":{"line":12,"column":31},"end":{"line":174,"column":1}},"line":12},"1":{"name":"(anonymous_1)","decl":{"start":{"line":27,"column":29},"end":{"line":27,"column":30}},"loc":{"start":{"line":27,"column":35},"end":{"line":41,"column":3}},"line":27},"2":{"name":"(anonymous_2)","decl":{"start":{"line":29,"column":21},"end":{"line":29,"column":22}},"loc":{"start":{"line":29,"column":30},"end":{"line":29,"column":47}},"line":29},"3":{"name":"(anonymous_3)","decl":{"start":{"line":75,"column":22},"end":{"line":75,"column":23}},"loc":{"start":{"line":75,"column":29},"end":{"line":75,"column":52}},"line":75},"4":{"name":"(anonymous_4)","decl":{"start":{"line":86,"column":24},"end":{"line":86,"column":25}},"loc":{"start":{"line":87,"column":16},"end":{"line":87,"column":87}},"line":87},"5":{"name":"(anonymous_5)","decl":{"start":{"line":87,"column":28},"end":{"line":87,"column":29}},"loc":{"start":{"line":87,"column":38},"end":{"line":87,"column":86}},"line":87},"6":{"name":"(anonymous_6)","decl":{"start":{"line":94,"column":24},"end":{"line":94,"column":25}},"loc":{"start":{"line":95,"column":16},"end":{"line":95,"column":87}},"line":95},"7":{"name":"(anonymous_7)","decl":{"start":{"line":95,"column":28},"end":{"line":95,"column":29}},"loc":{"start":{"line":95,"column":38},"end":{"line":95,"column":86}},"line":95},"8":{"name":"(anonymous_8)","decl":{"start":{"line":106,"column":22},"end":{"line":106,"column":23}},"loc":{"start":{"line":106,"column":29},"end":{"line":106,"column":85}},"line":106},"9":{"name":"(anonymous_9)","decl":{"start":{"line":121,"column":22},"end":{"line":121,"column":23}},"loc":{"start":{"line":121,"column":29},"end":{"line":121,"column":52}},"line":121},"10":{"name":"(anonymous_10)","decl":{"start":{"line":132,"column":14},"end":{"line":132,"column":15}},"loc":{"start":{"line":133,"column":16},"end":{"line":147,"column":22}},"line":133},"11":{"name":"(anonymous_11)","decl":{"start":{"line":137,"column":30},"end":{"line":137,"column":31}},"loc":{"start":{"line":138,"column":22},"end":{"line":142,"column":25}},"line":138},"12":{"name":"(anonymous_12)","decl":{"start":{"line":138,"column":40},"end":{"line":138,"column":41}},"loc":{"start":{"line":138,"column":51},"end":{"line":142,"column":23}},"line":138},"13":{"name":"(anonymous_13)","decl":{"start":{"line":158,"column":24},"end":{"line":158,"column":25}},"loc":{"start":{"line":158,"column":30},"end":{"line":158,"column":62}},"line":158}},"branchMap":{"0":{"loc":{"start":{"line":29,"column":6},"end":{"line":29,"column":93}},"type":"cond-expr","locations":[{"start":{"line":29,"column":52},"end":{"line":29,"column":80}},{"start":{"line":29,"column":84},"end":{"line":29,"column":93}}],"line":29},"1":{"loc":{"start":{"line":87,"column":39},"end":{"line":87,"column":76}},"type":"binary-expr","locations":[{"start":{"line":87,"column":39},"end":{"line":87,"column":63}},{"start":{"line":87,"column":67},"end":{"line":87,"column":76}}],"line":87},"2":{"loc":{"start":{"line":95,"column":48},"end":{"line":95,"column":85}},"type":"binary-expr","locations":[{"start":{"line":95,"column":48},"end":{"line":95,"column":72}},{"start":{"line":95,"column":76},"end":{"line":95,"column":85}}],"line":95}},"s":{"0":2,"1":6,"2":6,"3":6,"4":6,"5":6,"6":6,"7":6,"8":2,"9":3,"10":2,"11":2,"12":6,"13":0,"14":1,"15":1,"16":0,"17":0,"18":0,"19":0,"20":18,"21":0,"22":0,"23":0},"f":{"0":6,"1":2,"2":3,"3":0,"4":1,"5":1,"6":0,"7":0,"8":0,"9":0,"10":18,"11":0,"12":0,"13":0},"b":{"0":[0,2],"1":[1,0],"2":[0,0]},"_coverageSchema":"1a1c01bbd47fc00a2c39e90264f33305004495a9","hash":"645a20ca5f92ecf69ce8a5035f31699b53552a68"}
,"/Users/kiranjothundal/Documents/hospital-dashboard/src/components/patient/PatientRow.tsx": {"path":"/Users/kiranjothundal/Documents/hospital-dashboard/src/components/patient/PatientRow.tsx","statementMap":{"0":{"start":{"line":9,"column":26},"end":{"line":56,"column":1}},"1":{"start":{"line":10,"column":23},"end":{"line":10,"column":52}},"2":{"start":{"line":11,"column":21},"end":{"line":11,"column":51}},"3":{"start":{"line":13,"column":2},"end":{"line":55,"column":4}}},"fnMap":{"0":{"name":"(anonymous_0)","decl":{"start":{"line":9,"column":26},"end":{"line":9,"column":27}},"loc":{"start":{"line":9,"column":71},"end":{"line":56,"column":1}},"line":9}},"branchMap":{"0":{"loc":{"start":{"line":16,"column":10},"end":{"line":16,"column":39}},"type":"cond-expr","locations":[{"start":{"line":16,"column":22},"end":{"line":16,"column":34}},{"start":{"line":16,"column":37},"end":{"line":16,"column":39}}],"line":16},"1":{"loc":{"start":{"line":17,"column":10},"end":{"line":17,"column":48}},"type":"cond-expr","locations":[{"start":{"line":17,"column":23},"end":{"line":17,"column":43}},{"start":{"line":17,"column":46},"end":{"line":17,"column":48}}],"line":17},"2":{"loc":{"start":{"line":24,"column":11},"end":{"line":28,"column":11}},"type":"binary-expr","locations":[{"start":{"line":24,"column":11},"end":{"line":24,"column":21}},{"start":{"line":25,"column":12},"end":{"line":27,"column":19}}],"line":24},"3":{"loc":{"start":{"line":44,"column":27},"end":{"line":44,"column":119}},"type":"cond-expr","locations":[{"start":{"line":44,"column":75},"end":{"line":44,"column":101}},{"start":{"line":44,"column":104},"end":{"line":44,"column":119}}],"line":44},"4":{"loc":{"start":{"line":44,"column":27},"end":{"line":44,"column":72}},"type":"binary-expr","locations":[{"start":{"line":44,"column":27},"end":{"line":44,"column":48}},{"start":{"line":44,"column":52},"end":{"line":44,"column":72}}],"line":44},"5":{"loc":{"start":{"line":47,"column":27},"end":{"line":47,"column":119}},"type":"cond-expr","locations":[{"start":{"line":47,"column":75},"end":{"line":47,"column":101}},{"start":{"line":47,"column":104},"end":{"line":47,"column":119}}],"line":47},"6":{"loc":{"start":{"line":47,"column":27},"end":{"line":47,"column":72}},"type":"binary-expr","locations":[{"start":{"line":47,"column":27},"end":{"line":47,"column":48}},{"start":{"line":47,"column":52},"end":{"line":47,"column":72}}],"line":47},"7":{"loc":{"start":{"line":50,"column":27},"end":{"line":50,"column":94}},"type":"cond-expr","locations":[{"start":{"line":50,"column":50},"end":{"line":50,"column":76}},{"start":{"line":50,"column":79},"end":{"line":50,"column":94}}],"line":50}},"s":{"0":1,"1":6,"2":6,"3":6},"f":{"0":6},"b":{"0":[0,6],"1":[0,6],"2":[6,0],"3":[0,6],"4":[6,6],"5":[0,6],"6":[6,6],"7":[0,6]},"_coverageSchema":"1a1c01bbd47fc00a2c39e90264f33305004495a9","hash":"f8aa590904529d0cfad41c1b46305da2c68f422e"}
,"/Users/kiranjothundal/Documents/hospital-dashboard/src/components/patient/PatientSummary.tsx": {"path":"/Users/kiranjothundal/Documents/hospital-dashboard/src/components/patient/PatientSummary.tsx","statementMap":{"0":{"start":{"line":19,"column":17},"end":{"line":34,"column":1}},"1":{"start":{"line":20,"column":2},"end":{"line":33,"column":8}},"2":{"start":{"line":41,"column":30},"end":{"line":105,"column":1}},"3":{"start":{"line":42,"column":16},"end":{"line":42,"column":41}},"4":{"start":{"line":43,"column":26},"end":{"line":47,"column":3}},"5":{"start":{"line":49,"column":2},"end":{"line":104,"column":4}},"6":{"start":{"line":91,"column":14},"end":{"line":96,"column":19}}},"fnMap":{"0":{"name":"(anonymous_0)","decl":{"start":{"line":19,"column":17},"end":{"line":19,"column":18}},"loc":{"start":{"line":20,"column":2},"end":{"line":33,"column":8}},"line":20},"1":{"name":"(anonymous_1)","decl":{"start":{"line":41,"column":30},"end":{"line":41,"column":31}},"loc":{"start":{"line":41,"column":85},"end":{"line":105,"column":1}},"line":41},"2":{"name":"(anonymous_2)","decl":{"start":{"line":90,"column":33},"end":{"line":90,"column":34}},"loc":{"start":{"line":91,"column":14},"end":{"line":96,"column":19}},"line":91}},"branchMap":{"0":{"loc":{"start":{"line":23,"column":8},"end":{"line":23,"column":74}},"type":"cond-expr","locations":[{"start":{"line":23,"column":20},"end":{"line":23,"column":47}},{"start":{"line":23,"column":50},"end":{"line":23,"column":74}}],"line":23},"1":{"loc":{"start":{"line":24,"column":8},"end":{"line":24,"column":60}},"type":"cond-expr","locations":[{"start":{"line":24,"column":25},"end":{"line":24,"column":55}},{"start":{"line":24,"column":58},"end":{"line":24,"column":60}}],"line":24},"2":{"loc":{"start":{"line":25,"column":8},"end":{"line":25,"column":61}},"type":"cond-expr","locations":[{"start":{"line":25,"column":27},"end":{"line":25,"column":56}},{"start":{"line":25,"column":59},"end":{"line":25,"column":61}}],"line":25},"3":{"loc":{"start":{"line":30,"column":5},"end":{"line":32,"column":5}},"type":"binary-expr","locations":[{"start":{"line":30,"column":5},"end":{"line":30,"column":16}},{"start":{"line":31,"column":6},"end":{"line":31,"column":65}}],"line":30},"4":{"loc":{"start":{"line":41,"column":43},"end":{"line":41,"column":57}},"type":"default-arg","locations":[{"start":{"line":41,"column":55},"end":{"line":41,"column":57}}],"line":41},"5":{"loc":{"start":{"line":93,"column":46},"end":{"line":93,"column":97}},"type":"cond-expr","locations":[{"start":{"line":93,"column":65},"end":{"line":93,"column":79}},{"start":{"line":93,"column":82},"end":{"line":93,"column":97}}],"line":93}},"s":{"0":1,"1":18,"2":1,"3":6,"4":6,"5":6,"6":18},"f":{"0":18,"1":6,"2":18},"b":{"0":[0,18],"1":[0,18],"2":[0,18],"3":[18,6],"4":[6],"5":[0,18]},"_coverageSchema":"1a1c01bbd47fc00a2c39e90264f33305004495a9","hash":"88a3783c290f57f1232797945c50ca80c9bdc6df"}
,"/Users/kiranjothundal/Documents/hospital-dashboard/src/components/patient/PatientTable.tsx": {"path":"/Users/kiranjothundal/Documents/hospital-dashboard/src/components/patient/PatientTable.tsx","statementMap":{"0":{"start":{"line":14,"column":28},"end":{"line":96,"column":1}},"1":{"start":{"line":27,"column":6},"end":{"line":27,"column":42}},"2":{"start":{"line":29,"column":24},"end":{"line":37,"column":3}},"3":{"start":{"line":30,"column":4},"end":{"line":30,"column":49}},"4":{"start":{"line":30,"column":37},"end":{"line":30,"column":49}},"5":{"start":{"line":32,"column":4},"end":{"line":36,"column":6}},"6":{"start":{"line":39,"column":22},"end":{"line":49,"column":3}},"7":{"start":{"line":40,"column":4},"end":{"line":48,"column":9}},"8":{"start":{"line":42,"column":21},"end":{"line":42,"column":34}},"9":{"start":{"line":51,"column":2},"end":{"line":95,"column":4}},"10":{"start":{"line":66,"column":12},"end":{"line":70,"column":14}}},"fnMap":{"0":{"name":"(anonymous_0)","decl":{"start":{"line":14,"column":28},"end":{"line":14,"column":29}},"loc":{"start":{"line":20,"column":25},"end":{"line":96,"column":1}},"line":20},"1":{"name":"(anonymous_1)","decl":{"start":{"line":29,"column":24},"end":{"line":29,"column":25}},"loc":{"start":{"line":29,"column":65},"end":{"line":37,"column":3}},"line":29},"2":{"name":"(anonymous_2)","decl":{"start":{"line":39,"column":22},"end":{"line":39,"column":23}},"loc":{"start":{"line":40,"column":4},"end":{"line":48,"column":9}},"line":40},"3":{"name":"(anonymous_3)","decl":{"start":{"line":42,"column":15},"end":{"line":42,"column":16}},"loc":{"start":{"line":42,"column":21},"end":{"line":42,"column":34}},"line":42},"4":{"name":"(anonymous_4)","decl":{"start":{"line":65,"column":33},"end":{"line":65,"column":34}},"loc":{"start":{"line":66,"column":12},"end":{"line":70,"column":14}},"line":66}},"branchMap":{"0":{"loc":{"start":{"line":17,"column":2},"end":{"line":17,"column":18}},"type":"default-arg","locations":[{"start":{"line":17,"column":16},"end":{"line":17,"column":18}}],"line":17},"1":{"loc":{"start":{"line":30,"column":4},"end":{"line":30,"column":49}},"type":"if","locations":[{"start":{"line":30,"column":4},"end":{"line":30,"column":49}},{"start":{},"end":{}}],"line":30},"2":{"loc":{"start":{"line":32,"column":11},"end":{"line":36,"column":5}},"type":"cond-expr","locations":[{"start":{"line":33,"column":6},"end":{"line":33,"column":57}},{"start":{"line":35,"column":6},"end":{"line":35,"column":59}}],"line":32}},"s":{"0":1,"1":6,"2":6,"3":36,"4":30,"5":6,"6":6,"7":36,"8":0,"9":6,"10":6},"f":{"0":6,"1":36,"2":36,"3":0,"4":6},"b":{"0":[6],"1":[30,6],"2":[6,0]},"_coverageSchema":"1a1c01bbd47fc00a2c39e90264f33305004495a9","hash":"c6bece70c04f551c56f9723979e9c5cc2f1ad3c7"}
,"/Users/kiranjothundal/Documents/hospital-dashboard/src/components/patient/VitalsDisplay.tsx": {"path":"/Users/kiranjothundal/Documents/hospital-dashboard/src/components/patient/VitalsDisplay.tsx","statementMap":{"0":{"start":{"line":8,"column":29},"end":{"line":23,"column":1}},"1":{"start":{"line":9,"column":2},"end":{"line":22,"column":8}}},"fnMap":{"0":{"name":"(anonymous_0)","decl":{"start":{"line":8,"column":29},"end":{"line":8,"column":30}},"loc":{"start":{"line":9,"column":2},"end":{"line":22,"column":8}},"line":9}},"branchMap":{"0":{"loc":{"start":{"line":9,"column":31},"end":{"line":9,"column":63}},"type":"cond-expr","locations":[{"start":{"line":9,"column":43},"end":{"line":9,"column":58}},{"start":{"line":9,"column":61},"end":{"line":9,"column":63}}],"line":9}},"s":{"0":0,"1":0},"f":{"0":0},"b":{"0":[0,0]}}
,"/Users/kiranjothundal/Documents/hospital-dashboard/src/components/shared/SortableData.tsx": {"path":"/Users/kiranjothundal/Documents/hospital-dashboard/src/components/shared/SortableData.tsx","statementMap":{"0":{"start":{"line":31,"column":4},"end":{"line":31,"column":17}},"1":{"start":{"line":32,"column":4},"end":{"line":39,"column":6}},"2":{"start":{"line":42,"column":15},"end":{"line":52,"column":3}},"3":{"start":{"line":43,"column":4},"end":{"line":51,"column":8}},"4":{"start":{"line":43,"column":34},"end":{"line":51,"column":5}},"5":{"start":{"line":54,"column":14},"end":{"line":64,"column":3}},"6":{"start":{"line":55,"column":55},"end":{"line":55,"column":65}},"7":{"start":{"line":56,"column":4},"end":{"line":63,"column":7}},"8":{"start":{"line":66,"column":18},"end":{"line":102,"column":3}},"9":{"start":{"line":67,"column":21},"end":{"line":67,"column":31}},"10":{"start":{"line":68,"column":27},"end":{"line":68,"column":37}},"11":{"start":{"line":70,"column":4},"end":{"line":70,"column":33}},"12":{"start":{"line":70,"column":21},"end":{"line":70,"column":33}},"13":{"start":{"line":72,"column":4},"end":{"line":101,"column":7}},"14":{"start":{"line":73,"column":6},"end":{"line":79,"column":7}},"15":{"start":{"line":74,"column":24},"end":{"line":74,"column":47}},"16":{"start":{"line":75,"column":24},"end":{"line":75,"column":47}},"17":{"start":{"line":76,"column":8},"end":{"line":78,"column":58}},"18":{"start":{"line":81,"column":21},"end":{"line":81,"column":40}},"19":{"start":{"line":82,"column":21},"end":{"line":82,"column":40}},"20":{"start":{"line":84,"column":25},"end":{"line":84,"column":64}},"21":{"start":{"line":86,"column":6},"end":{"line":90,"column":7}},"22":{"start":{"line":87,"column":21},"end":{"line":87,"column":56}},"23":{"start":{"line":88,"column":21},"end":{"line":88,"column":56}},"24":{"start":{"line":89,"column":8},"end":{"line":89,"column":42}},"25":{"start":{"line":92,"column":6},"end":{"line":94,"column":7}},"26":{"start":{"line":93,"column":8},"end":{"line":93,"column":57}},"27":{"start":{"line":96,"column":6},"end":{"line":98,"column":7}},"28":{"start":{"line":97,"column":8},"end":{"line":97,"column":46}},"29":{"start":{"line":100,"column":6},"end":{"line":100,"column":15}},"30":{"start":{"line":105,"column":4},"end":{"line":111,"column":6}},"31":{"start":{"line":115,"column":4},"end":{"line":120,"column":7}}},"fnMap":{"0":{"name":"(anonymous_0)","decl":{"start":{"line":30,"column":2},"end":{"line":30,"column":3}},"loc":{"start":{"line":30,"column":43},"end":{"line":40,"column":3}},"line":30},"1":{"name":"(anonymous_1)","decl":{"start":{"line":42,"column":15},"end":{"line":42,"column":16}},"loc":{"start":{"line":42,"column":35},"end":{"line":52,"column":3}},"line":42},"2":{"name":"(anonymous_2)","decl":{"start":{"line":43,"column":18},"end":{"line":43,"column":19}},"loc":{"start":{"line":43,"column":34},"end":{"line":51,"column":5}},"line":43},"3":{"name":"(anonymous_3)","decl":{"start":{"line":54,"column":14},"end":{"line":54,"column":15}},"loc":{"start":{"line":54,"column":20},"end":{"line":64,"column":3}},"line":54},"4":{"name":"(anonymous_4)","decl":{"start":{"line":66,"column":18},"end":{"line":66,"column":19}},"loc":{"start":{"line":66,"column":24},"end":{"line":102,"column":3}},"line":66},"5":{"name":"(anonymous_5)","decl":{"start":{"line":72,"column":26},"end":{"line":72,"column":27}},"loc":{"start":{"line":72,"column":36},"end":{"line":101,"column":5}},"line":72},"6":{"name":"(anonymous_6)","decl":{"start":{"line":104,"column":2},"end":{"line":104,"column":3}},"loc":{"start":{"line":104,"column":52},"end":{"line":112,"column":3}},"line":104},"7":{"name":"(anonymous_7)","decl":{"start":{"line":114,"column":2},"end":{"line":114,"column":3}},"loc":{"start":{"line":114,"column":11},"end":{"line":121,"column":3}},"line":114}},"branchMap":{"0":{"loc":{"start":{"line":33,"column":18},"end":{"line":38,"column":14}},"type":"cond-expr","locations":[{"start":{"line":34,"column":10},"end":{"line":37,"column":11}},{"start":{"line":38,"column":10},"end":{"line":38,"column":14}}],"line":33},"1":{"loc":{"start":{"line":36,"column":23},"end":{"line":36,"column":58}},"type":"binary-expr","locations":[{"start":{"line":36,"column":23},"end":{"line":36,"column":49}},{"start":{"line":36,"column":53},"end":{"line":36,"column":58}}],"line":36},"2":{"loc":{"start":{"line":47,"column":10},"end":{"line":49,"column":19}},"type":"cond-expr","locations":[{"start":{"line":48,"column":14},"end":{"line":48,"column":20}},{"start":{"line":49,"column":14},"end":{"line":49,"column":19}}],"line":47},"3":{"loc":{"start":{"line":47,"column":10},"end":{"line":47,"column":91}},"type":"binary-expr","locations":[{"start":{"line":47,"column":10},"end":{"line":47,"column":47}},{"start":{"line":47,"column":51},"end":{"line":47,"column":91}}],"line":47},"4":{"loc":{"start":{"line":57,"column":18},"end":{"line":62,"column":14}},"type":"cond-expr","locations":[{"start":{"line":58,"column":10},"end":{"line":61,"column":11}},{"start":{"line":62,"column":10},"end":{"line":62,"column":14}}],"line":57},"5":{"loc":{"start":{"line":60,"column":23},"end":{"line":60,"column":52}},"type":"binary-expr","locations":[{"start":{"line":60,"column":23},"end":{"line":60,"column":43}},{"start":{"line":60,"column":47},"end":{"line":60,"column":52}}],"line":60},"6":{"loc":{"start":{"line":70,"column":4},"end":{"line":70,"column":33}},"type":"if","locations":[{"start":{"line":70,"column":4},"end":{"line":70,"column":33}},{"start":{},"end":{}}],"line":70},"7":{"loc":{"start":{"line":73,"column":6},"end":{"line":79,"column":7}},"type":"if","locations":[{"start":{"line":73,"column":6},"end":{"line":79,"column":7}},{"start":{},"end":{}}],"line":73},"8":{"loc":{"start":{"line":73,"column":10},"end":{"line":73,"column":89}},"type":"binary-expr","locations":[{"start":{"line":73,"column":10},"end":{"line":73,"column":31}},{"start":{"line":73,"column":35},"end":{"line":73,"column":56}},{"start":{"line":73,"column":60},"end":{"line":73,"column":89}}],"line":73},"9":{"loc":{"start":{"line":76,"column":15},"end":{"line":78,"column":57}},"type":"cond-expr","locations":[{"start":{"line":77,"column":12},"end":{"line":77,"column":57}},{"start":{"line":78,"column":12},"end":{"line":78,"column":57}}],"line":76},"10":{"loc":{"start":{"line":84,"column":25},"end":{"line":84,"column":64}},"type":"cond-expr","locations":[{"start":{"line":84,"column":58},"end":{"line":84,"column":59}},{"start":{"line":84,"column":62},"end":{"line":84,"column":64}}],"line":84},"11":{"loc":{"start":{"line":86,"column":6},"end":{"line":90,"column":7}},"type":"if","locations":[{"start":{"line":86,"column":6},"end":{"line":90,"column":7}},{"start":{},"end":{}}],"line":86},"12":{"loc":{"start":{"line":86,"column":10},"end":{"line":86,"column":95}},"type":"binary-expr","locations":[{"start":{"line":86,"column":10},"end":{"line":86,"column":35}},{"start":{"line":86,"column":39},"end":{"line":86,"column":65}},{"start":{"line":86,"column":69},"end":{"line":86,"column":95}}],"line":86},"13":{"loc":{"start":{"line":92,"column":6},"end":{"line":94,"column":7}},"type":"if","locations":[{"start":{"line":92,"column":6},"end":{"line":94,"column":7}},{"start":{},"end":{}}],"line":92},"14":{"loc":{"start":{"line":92,"column":10},"end":{"line":92,"column":66}},"type":"binary-expr","locations":[{"start":{"line":92,"column":10},"end":{"line":92,"column":36}},{"start":{"line":92,"column":40},"end":{"line":92,"column":66}}],"line":92},"15":{"loc":{"start":{"line":96,"column":6},"end":{"line":98,"column":7}},"type":"if","locations":[{"start":{"line":96,"column":6},"end":{"line":98,"column":7}},{"start":{},"end":{}}],"line":96},"16":{"loc":{"start":{"line":96,"column":10},"end":{"line":96,"column":66}},"type":"binary-expr","locations":[{"start":{"line":96,"column":10},"end":{"line":96,"column":36}},{"start":{"line":96,"column":40},"end":{"line":96,"column":66}}],"line":96},"17":{"loc":{"start":{"line":106,"column":6},"end":{"line":110,"column":34}},"type":"binary-expr","locations":[{"start":{"line":106,"column":6},"end":{"line":106,"column":10}},{"start":{"line":107,"column":6},"end":{"line":107,"column":30}},{"start":{"line":108,"column":6},"end":{"line":108,"column":22}},{"start":{"line":109,"column":6},"end":{"line":109,"column":37}},{"start":{"line":110,"column":6},"end":{"line":110,"column":34}}],"line":106}},"s":{"0":9,"1":8,"2":8,"3":4,"4":4,"5":8,"6":0,"7":0,"8":8,"9":16,"10":16,"11":16,"12":4,"13":12,"14":11,"15":1,"16":1,"17":1,"18":10,"19":10,"20":10,"21":10,"22":5,"23":5,"24":5,"25":5,"26":5,"27":0,"28":0,"29":0,"30":22,"31":16},"f":{"0":9,"1":4,"2":4,"3":0,"4":16,"5":11,"6":22,"7":16},"b":{"0":[4,4],"1":[4,0],"2":[1,3],"3":[4,1],"4":[0,0],"5":[0,0],"6":[4,12],"7":[1,10],"8":[11,11,11],"9":[1,0],"10":[9,1],"11":[5,5],"12":[10,5,5],"13":[5,0],"14":[5,5],"15":[0,0],"16":[0,0],"17":[22,22,22,22,22]},"_coverageSchema":"1a1c01bbd47fc00a2c39e90264f33305004495a9","hash":"2ca33c993f98ad86e11349398b356b9767e4759f"}
,"/Users/kiranjothundal/Documents/hospital-dashboard/src/components/ui/ConnectionStatus.tsx": {"path":"/Users/kiranjothundal/Documents/hospital-dashboard/src/components/ui/ConnectionStatus.tsx","statementMap":{"0":{"start":{"line":5,"column":34},"end":{"line":12,"column":3}},"1":{"start":{"line":6,"column":4},"end":{"line":11,"column":10}}},"fnMap":{"0":{"name":"(anonymous_0)","decl":{"start":{"line":5,"column":34},"end":{"line":5,"column":35}},"loc":{"start":{"line":6,"column":4},"end":{"line":11,"column":10}},"line":6}},"branchMap":{"0":{"loc":{"start":{"line":7,"column":46},"end":{"line":7,"column":89}},"type":"cond-expr","locations":[{"start":{"line":7,"column":60},"end":{"line":7,"column":74}},{"start":{"line":7,"column":77},"end":{"line":7,"column":89}}],"line":7},"1":{"loc":{"start":{"line":9,"column":9},"end":{"line":9,"column":51}},"type":"cond-expr","locations":[{"start":{"line":9,"column":23},"end":{"line":9,"column":34}},{"start":{"line":9,"column":37},"end":{"line":9,"column":51}}],"line":9}},"s":{"0":1,"1":6},"f":{"0":6},"b":{"0":[0,6],"1":[0,6]},"_coverageSchema":"1a1c01bbd47fc00a2c39e90264f33305004495a9","hash":"69b9fc11bb96850ae8aa70f3e50d10a00ed0f23c"}
,"/Users/kiranjothundal/Documents/hospital-dashboard/src/components/ui/ErrorMessage.tsx": {"path":"/Users/kiranjothundal/Documents/hospital-dashboard/src/components/ui/ErrorMessage.tsx","statementMap":{"0":{"start":{"line":5,"column":30},"end":{"line":12,"column":3}},"1":{"start":{"line":6,"column":4},"end":{"line":11,"column":10}}},"fnMap":{"0":{"name":"(anonymous_0)","decl":{"start":{"line":5,"column":30},"end":{"line":5,"column":31}},"loc":{"start":{"line":6,"column":4},"end":{"line":11,"column":10}},"line":6}},"branchMap":{},"s":{"0":1,"1":1},"f":{"0":1},"b":{},"_coverageSchema":"1a1c01bbd47fc00a2c39e90264f33305004495a9","hash":"0a49c1493947672f1003993c56f1e19cf2f09d4f"}
,"/Users/kiranjothundal/Documents/hospital-dashboard/src/components/ui/LoadingSpinner.tsx": {"path":"/Users/kiranjothundal/Documents/hospital-dashboard/src/components/ui/LoadingSpinner.tsx","statementMap":{"0":{"start":{"line":1,"column":30},"end":{"line":8,"column":3}},"1":{"start":{"line":2,"column":4},"end":{"line":7,"column":10}}},"fnMap":{"0":{"name":"(anonymous_0)","decl":{"start":{"line":1,"column":30},"end":{"line":1,"column":31}},"loc":{"start":{"line":2,"column":4},"end":{"line":7,"column":10}},"line":2}},"branchMap":{},"s":{"0":1,"1":1},"f":{"0":1},"b":{},"_coverageSchema":"1a1c01bbd47fc00a2c39e90264f33305004495a9","hash":"7b59cd2f24dee11e6ea376af929f59278e171f5b"}
,"/Users/kiranjothundal/Documents/hospital-dashboard/src/components/ui/SearchAndFilterBar.tsx": {"path":"/Users/kiranjothundal/Documents/hospital-dashboard/src/components/ui/SearchAndFilterBar.tsx","statementMap":{"0":{"start":{"line":13,"column":34},"end":{"line":56,"column":1}},"1":{"start":{"line":21,"column":2},"end":{"line":55,"column":8}},"2":{"start":{"line":27,"column":25},"end":{"line":27,"column":68}},"3":{"start":{"line":40,"column":10},"end":{"line":40,"column":20}}},"fnMap":{"0":{"name":"(anonymous_0)","decl":{"start":{"line":13,"column":34},"end":{"line":13,"column":35}},"loc":{"start":{"line":21,"column":2},"end":{"line":55,"column":8}},"line":21},"1":{"name":"(anonymous_1)","decl":{"start":{"line":27,"column":18},"end":{"line":27,"column":19}},"loc":{"start":{"line":27,"column":25},"end":{"line":27,"column":68}},"line":27},"2":{"name":"(anonymous_2)","decl":{"start":{"line":39,"column":17},"end":{"line":39,"column":18}},"loc":{"start":{"line":39,"column":23},"end":{"line":41,"column":9}},"line":39}},"branchMap":{},"s":{"0":1,"1":6,"2":1,"3":0},"f":{"0":6,"1":1,"2":0},"b":{},"_coverageSchema":"1a1c01bbd47fc00a2c39e90264f33305004495a9","hash":"3cf34a29788f18541e9a8638100f67dbf78099aa"}
,"/Users/kiranjothundal/Documents/hospital-dashboard/src/config/constants.ts": {"path":"/Users/kiranjothundal/Documents/hospital-dashboard/src/config/constants.ts","statementMap":{"0":{"start":{"line":1,"column":22},"end":{"line":19,"column":14}},"1":{"start":{"line":20,"column":32},"end":{"line":38,"column":12}},"2":{"start":{"line":40,"column":34},"end":{"line":44,"column":12}},"3":{"start":{"line":46,"column":27},"end":{"line":53,"column":12}},"4":{"start":{"line":55,"column":36},"end":{"line":59,"column":12}}},"fnMap":{},"branchMap":{},"s":{"0":2,"1":2,"2":2,"3":2,"4":2},"f":{},"b":{},"_coverageSchema":"1a1c01bbd47fc00a2c39e90264f33305004495a9","hash":"842c0d776a3651ffa35f221e5c8a1affb4e3e1fc"}
,"/Users/kiranjothundal/Documents/hospital-dashboard/src/hocs/withLoading.tsx": {"path":"/Users/kiranjothundal/Documents/hospital-dashboard/src/hocs/withLoading.tsx","statementMap":{"0":{"start":{"line":13,"column":2},"end":{"line":27,"column":4}},"1":{"start":{"line":16,"column":52},"end":{"line":16,"column":57}},"2":{"start":{"line":18,"column":4},"end":{"line":20,"column":5}},"3":{"start":{"line":19,"column":6},"end":{"line":19,"column":32}},"4":{"start":{"line":22,"column":4},"end":{"line":24,"column":5}},"5":{"start":{"line":23,"column":6},"end":{"line":23,"column":54}},"6":{"start":{"line":26,"column":4},"end":{"line":26,"column":59}}},"fnMap":{"0":{"name":"withLoading","decl":{"start":{"line":10,"column":16},"end":{"line":10,"column":27}},"loc":{"start":{"line":12,"column":2},"end":{"line":28,"column":1}},"line":12},"1":{"name":"WithLoadingComponent","decl":{"start":{"line":13,"column":18},"end":{"line":13,"column":38}},"loc":{"start":{"line":15,"column":4},"end":{"line":27,"column":3}},"line":15}},"branchMap":{"0":{"loc":{"start":{"line":18,"column":4},"end":{"line":20,"column":5}},"type":"if","locations":[{"start":{"line":18,"column":4},"end":{"line":20,"column":5}},{"start":{},"end":{}}],"line":18},"1":{"loc":{"start":{"line":22,"column":4},"end":{"line":24,"column":5}},"type":"if","locations":[{"start":{"line":22,"column":4},"end":{"line":24,"column":5}},{"start":{},"end":{}}],"line":22}},"s":{"0":2,"1":12,"2":12,"3":0,"4":12,"5":0,"6":12},"f":{"0":2,"1":12},"b":{"0":[0,12],"1":[0,12]},"_coverageSchema":"1a1c01bbd47fc00a2c39e90264f33305004495a9","hash":"9019aae6e90ee5d9b75a52ef36e12dc41d5b60c1"}
,"/Users/kiranjothundal/Documents/hospital-dashboard/src/hooks/queries.ts": {"path":"/Users/kiranjothundal/Documents/hospital-dashboard/src/hooks/queries.ts","statementMap":{"0":{"start":{"line":5,"column":26},"end":{"line":8,"column":1}},"1":{"start":{"line":7,"column":27},"end":{"line":7,"column":51}},"2":{"start":{"line":16,"column":27},"end":{"line":19,"column":10}},"3":{"start":{"line":18,"column":27},"end":{"line":18,"column":42}},"4":{"start":{"line":21,"column":27},"end":{"line":56,"column":1}},"5":{"start":{"line":22,"column":2},"end":{"line":55,"column":5}},"6":{"start":{"line":25,"column":6},"end":{"line":41,"column":7}},"7":{"start":{"line":26,"column":31},"end":{"line":26,"column":59}},"8":{"start":{"line":27,"column":46},"end":{"line":27,"column":82}},"9":{"start":{"line":29,"column":8},"end":{"line":31,"column":9}},"10":{"start":{"line":30,"column":10},"end":{"line":30,"column":36}},"11":{"start":{"line":33,"column":8},"end":{"line":33,"column":84}},"12":{"start":{"line":34,"column":8},"end":{"line":34,"column":24}},"13":{"start":{"line":36,"column":39},"end":{"line":39,"column":9}},"14":{"start":{"line":40,"column":8},"end":{"line":40,"column":25}},"15":{"start":{"line":44,"column":6},"end":{"line":51,"column":7}},"16":{"start":{"line":45,"column":31},"end":{"line":45,"column":80}},"17":{"start":{"line":46,"column":8},"end":{"line":46,"column":52}},"18":{"start":{"line":46,"column":29},"end":{"line":46,"column":52}},"19":{"start":{"line":47,"column":8},"end":{"line":47,"column":55}},"20":{"start":{"line":49,"column":8},"end":{"line":49,"column":63}},"21":{"start":{"line":50,"column":8},"end":{"line":50,"column":31}},"22":{"start":{"line":58,"column":26},"end":{"line":93,"column":1}},"23":{"start":{"line":59,"column":2},"end":{"line":92,"column":5}},"24":{"start":{"line":62,"column":6},"end":{"line":79,"column":7}},"25":{"start":{"line":63,"column":31},"end":{"line":63,"column":59}},"26":{"start":{"line":64,"column":24},"end":{"line":64,"column":70}},"27":{"start":{"line":66,"column":8},"end":{"line":68,"column":9}},"28":{"start":{"line":67,"column":10},"end":{"line":67,"column":47}},"29":{"start":{"line":70,"column":8},"end":{"line":70,"column":93}},"30":{"start":{"line":71,"column":8},"end":{"line":71,"column":23}},"31":{"start":{"line":73,"column":39},"end":{"line":77,"column":9}},"32":{"start":{"line":78,"column":8},"end":{"line":78,"column":25}},"33":{"start":{"line":82,"column":6},"end":{"line":88,"column":7}},"34":{"start":{"line":83,"column":30},"end":{"line":83,"column":89}},"35":{"start":{"line":84,"column":8},"end":{"line":84,"column":70}},"36":{"start":{"line":84,"column":28},"end":{"line":84,"column":70}},"37":{"start":{"line":85,"column":8},"end":{"line":85,"column":52}},"38":{"start":{"line":87,"column":8},"end":{"line":87,"column":59}},"39":{"start":{"line":95,"column":38},"end":{"line":157,"column":1}},"40":{"start":{"line":96,"column":22},"end":{"line":96,"column":38}},"41":{"start":{"line":98,"column":2},"end":{"line":156,"column":5}},"42":{"start":{"line":104,"column":6},"end":{"line":124,"column":7}},"43":{"start":{"line":105,"column":31},"end":{"line":105,"column":59}},"44":{"start":{"line":106,"column":31},"end":{"line":106,"column":84}},"45":{"start":{"line":108,"column":8},"end":{"line":110,"column":9}},"46":{"start":{"line":109,"column":10},"end":{"line":109,"column":61}},"47":{"start":{"line":112,"column":8},"end":{"line":115,"column":10}},"48":{"start":{"line":116,"column":8},"end":{"line":116,"column":30}},"49":{"start":{"line":118,"column":39},"end":{"line":122,"column":9}},"50":{"start":{"line":123,"column":8},"end":{"line":123,"column":25}},"51":{"start":{"line":128,"column":6},"end":{"line":131,"column":8}},"52":{"start":{"line":134,"column":6},"end":{"line":142,"column":8}},"53":{"start":{"line":137,"column":10},"end":{"line":137,"column":48}},"54":{"start":{"line":137,"column":24},"end":{"line":137,"column":48}},"55":{"start":{"line":138,"column":10},"end":{"line":140,"column":12}},"56":{"start":{"line":139,"column":12},"end":{"line":139,"column":71}},"57":{"start":{"line":145,"column":6},"end":{"line":152,"column":7}},"58":{"start":{"line":146,"column":25},"end":{"line":146,"column":81}},"59":{"start":{"line":147,"column":8},"end":{"line":149,"column":9}},"60":{"start":{"line":148,"column":10},"end":{"line":148,"column":86}},"61":{"start":{"line":151,"column":8},"end":{"line":151,"column":59}},"62":{"start":{"line":155,"column":34},"end":{"line":155,"column":75}}},"fnMap":{"0":{"name":"(anonymous_0)","decl":{"start":{"line":7,"column":11},"end":{"line":7,"column":12}},"loc":{"start":{"line":7,"column":27},"end":{"line":7,"column":51}},"line":7},"1":{"name":"(anonymous_1)","decl":{"start":{"line":18,"column":11},"end":{"line":18,"column":12}},"loc":{"start":{"line":18,"column":27},"end":{"line":18,"column":42}},"line":18},"2":{"name":"(anonymous_2)","decl":{"start":{"line":21,"column":27},"end":{"line":21,"column":28}},"loc":{"start":{"line":21,"column":33},"end":{"line":56,"column":1}},"line":21},"3":{"name":"(anonymous_3)","decl":{"start":{"line":24,"column":13},"end":{"line":24,"column":14}},"loc":{"start":{"line":24,"column":25},"end":{"line":42,"column":5}},"line":24},"4":{"name":"(anonymous_4)","decl":{"start":{"line":43,"column":17},"end":{"line":43,"column":18}},"loc":{"start":{"line":43,"column":23},"end":{"line":52,"column":5}},"line":43},"5":{"name":"(anonymous_5)","decl":{"start":{"line":58,"column":26},"end":{"line":58,"column":27}},"loc":{"start":{"line":58,"column":49},"end":{"line":93,"column":1}},"line":58},"6":{"name":"(anonymous_6)","decl":{"start":{"line":61,"column":13},"end":{"line":61,"column":14}},"loc":{"start":{"line":61,"column":25},"end":{"line":80,"column":5}},"line":61},"7":{"name":"(anonymous_7)","decl":{"start":{"line":81,"column":17},"end":{"line":81,"column":18}},"loc":{"start":{"line":81,"column":23},"end":{"line":89,"column":5}},"line":81},"8":{"name":"(anonymous_8)","decl":{"start":{"line":95,"column":38},"end":{"line":95,"column":39}},"loc":{"start":{"line":95,"column":44},"end":{"line":157,"column":1}},"line":95},"9":{"name":"(anonymous_9)","decl":{"start":{"line":103,"column":16},"end":{"line":103,"column":17}},"loc":{"start":{"line":103,"column":49},"end":{"line":125,"column":5}},"line":103},"10":{"name":"(anonymous_10)","decl":{"start":{"line":126,"column":15},"end":{"line":126,"column":16}},"loc":{"start":{"line":126,"column":35},"end":{"line":153,"column":5}},"line":126},"11":{"name":"(anonymous_11)","decl":{"start":{"line":136,"column":8},"end":{"line":136,"column":9}},"loc":{"start":{"line":136,"column":21},"end":{"line":141,"column":9}},"line":136},"12":{"name":"(anonymous_12)","decl":{"start":{"line":138,"column":29},"end":{"line":138,"column":30}},"loc":{"start":{"line":139,"column":12},"end":{"line":139,"column":71}},"line":139},"13":{"name":"(anonymous_13)","decl":{"start":{"line":155,"column":16},"end":{"line":155,"column":17}},"loc":{"start":{"line":155,"column":34},"end":{"line":155,"column":75}},"line":155}},"branchMap":{"0":{"loc":{"start":{"line":29,"column":8},"end":{"line":31,"column":9}},"type":"if","locations":[{"start":{"line":29,"column":8},"end":{"line":31,"column":9}},{"start":{},"end":{}}],"line":29},"1":{"loc":{"start":{"line":37,"column":19},"end":{"line":37,"column":82}},"type":"cond-expr","locations":[{"start":{"line":37,"column":42},"end":{"line":37,"column":53}},{"start":{"line":37,"column":56},"end":{"line":37,"column":82}}],"line":37},"2":{"loc":{"start":{"line":46,"column":8},"end":{"line":46,"column":52}},"type":"if","locations":[{"start":{"line":46,"column":8},"end":{"line":46,"column":52}},{"start":{},"end":{}}],"line":46},"3":{"loc":{"start":{"line":66,"column":8},"end":{"line":68,"column":9}},"type":"if","locations":[{"start":{"line":66,"column":8},"end":{"line":68,"column":9}},{"start":{},"end":{}}],"line":66},"4":{"loc":{"start":{"line":74,"column":19},"end":{"line":74,"column":81}},"type":"cond-expr","locations":[{"start":{"line":74,"column":42},"end":{"line":74,"column":53}},{"start":{"line":74,"column":56},"end":{"line":74,"column":81}}],"line":74},"5":{"loc":{"start":{"line":84,"column":8},"end":{"line":84,"column":70}},"type":"if","locations":[{"start":{"line":84,"column":8},"end":{"line":84,"column":70}},{"start":{},"end":{}}],"line":84},"6":{"loc":{"start":{"line":108,"column":8},"end":{"line":110,"column":9}},"type":"if","locations":[{"start":{"line":108,"column":8},"end":{"line":110,"column":9}},{"start":{},"end":{}}],"line":108},"7":{"loc":{"start":{"line":119,"column":19},"end":{"line":119,"column":89}},"type":"cond-expr","locations":[{"start":{"line":119,"column":42},"end":{"line":119,"column":53}},{"start":{"line":119,"column":56},"end":{"line":119,"column":89}}],"line":119},"8":{"loc":{"start":{"line":137,"column":10},"end":{"line":137,"column":48}},"type":"if","locations":[{"start":{"line":137,"column":10},"end":{"line":137,"column":48}},{"start":{},"end":{}}],"line":137},"9":{"loc":{"start":{"line":139,"column":12},"end":{"line":139,"column":71}},"type":"cond-expr","locations":[{"start":{"line":139,"column":47},"end":{"line":139,"column":61}},{"start":{"line":139,"column":64},"end":{"line":139,"column":71}}],"line":139},"10":{"loc":{"start":{"line":147,"column":8},"end":{"line":149,"column":9}},"type":"if","locations":[{"start":{"line":147,"column":8},"end":{"line":149,"column":9}},{"start":{},"end":{}}],"line":147}},"s":{"0":0,"1":0,"2":0,"3":0,"4":0,"5":0,"6":0,"7":0,"8":0,"9":0,"10":0,"11":0,"12":0,"13":0,"14":0,"15":0,"16":0,"17":0,"18":0,"19":0,"20":0,"21":0,"22":0,"23":0,"24":0,"25":0,"26":0,"27":0,"28":0,"29":0,"30":0,"31":0,"32":0,"33":0,"34":0,"35":0,"36":0,"37":0,"38":0,"39":0,"40":0,"41":0,"42":0,"43":0,"44":0,"45":0,"46":0,"47":0,"48":0,"49":0,"50":0,"51":0,"52":0,"53":0,"54":0,"55":0,"56":0,"57":0,"58":0,"59":0,"60":0,"61":0,"62":0},"f":{"0":0,"1":0,"2":0,"3":0,"4":0,"5":0,"6":0,"7":0,"8":0,"9":0,"10":0,"11":0,"12":0,"13":0},"b":{"0":[0,0],"1":[0,0],"2":[0,0],"3":[0,0],"4":[0,0],"5":[0,0],"6":[0,0],"7":[0,0],"8":[0,0],"9":[0,0],"10":[0,0]}}
,"/Users/kiranjothundal/Documents/hospital-dashboard/src/hooks/redux.ts": {"path":"/Users/kiranjothundal/Documents/hospital-dashboard/src/hooks/redux.ts","statementMap":{"0":{"start":{"line":4,"column":30},"end":{"line":4,"column":62}},"1":{"start":{"line":4,"column":36},"end":{"line":4,"column":62}},"2":{"start":{"line":5,"column":63},"end":{"line":5,"column":74}}},"fnMap":{"0":{"name":"(anonymous_0)","decl":{"start":{"line":4,"column":30},"end":{"line":4,"column":31}},"loc":{"start":{"line":4,"column":36},"end":{"line":4,"column":62}},"line":4}},"branchMap":{},"s":{"0":1,"1":0,"2":1},"f":{"0":0},"b":{},"_coverageSchema":"1a1c01bbd47fc00a2c39e90264f33305004495a9","hash":"ee9197cbd31f94ee523d8f28b1134ca3617bcbec"}
,"/Users/kiranjothundal/Documents/hospital-dashboard/src/hooks/useHydrateCache.ts": {"path":"/Users/kiranjothundal/Documents/hospital-dashboard/src/hooks/useHydrateCache.ts","statementMap":{"0":{"start":{"line":5,"column":31},"end":{"line":16,"column":1}},"1":{"start":{"line":6,"column":2},"end":{"line":15,"column":20}},"2":{"start":{"line":7,"column":27},"end":{"line":7,"column":59}},"3":{"start":{"line":8,"column":4},"end":{"line":14,"column":5}},"4":{"start":{"line":9,"column":23},"end":{"line":9,"column":49}},"5":{"start":{"line":10,"column":6},"end":{"line":10,"column":80}},"6":{"start":{"line":12,"column":6},"end":{"line":12,"column":62}},"7":{"start":{"line":13,"column":6},"end":{"line":13,"column":91}}},"fnMap":{"0":{"name":"(anonymous_0)","decl":{"start":{"line":5,"column":31},"end":{"line":5,"column":32}},"loc":{"start":{"line":5,"column":61},"end":{"line":16,"column":1}},"line":5},"1":{"name":"(anonymous_1)","decl":{"start":{"line":6,"column":12},"end":{"line":6,"column":13}},"loc":{"start":{"line":6,"column":18},"end":{"line":15,"column":3}},"line":6}},"branchMap":{"0":{"loc":{"start":{"line":8,"column":4},"end":{"line":14,"column":5}},"type":"if","locations":[{"start":{"line":8,"column":4},"end":{"line":14,"column":5}},{"start":{},"end":{}}],"line":8}},"s":{"0":0,"1":0,"2":0,"3":0,"4":0,"5":0,"6":0,"7":0},"f":{"0":0,"1":0},"b":{"0":[0,0]}}
,"/Users/kiranjothundal/Documents/hospital-dashboard/src/hooks/usePagination.ts": {"path":"/Users/kiranjothundal/Documents/hospital-dashboard/src/hooks/usePagination.ts","statementMap":{"0":{"start":{"line":3,"column":29},"end":{"line":31,"column":1}},"1":{"start":{"line":4,"column":40},"end":{"line":4,"column":51}},"2":{"start":{"line":6,"column":21},"end":{"line":6,"column":57}},"3":{"start":{"line":8,"column":24},"end":{"line":11,"column":3}},"4":{"start":{"line":13,"column":23},"end":{"line":15,"column":3}},"5":{"start":{"line":14,"column":4},"end":{"line":14,"column":69}},"6":{"start":{"line":14,"column":34},"end":{"line":14,"column":69}},"7":{"start":{"line":14,"column":59},"end":{"line":14,"column":67}},"8":{"start":{"line":17,"column":27},"end":{"line":19,"column":3}},"9":{"start":{"line":18,"column":4},"end":{"line":18,"column":60}},"10":{"start":{"line":18,"column":25},"end":{"line":18,"column":60}},"11":{"start":{"line":18,"column":50},"end":{"line":18,"column":58}},"12":{"start":{"line":21,"column":26},"end":{"line":21,"column":49}},"13":{"start":{"line":21,"column":32},"end":{"line":21,"column":49}},"14":{"start":{"line":23,"column":2},"end":{"line":30,"column":4}}},"fnMap":{"0":{"name":"(anonymous_0)","decl":{"start":{"line":3,"column":29},"end":{"line":3,"column":30}},"loc":{"start":{"line":3,"column":69},"end":{"line":31,"column":1}},"line":3},"1":{"name":"(anonymous_1)","decl":{"start":{"line":13,"column":23},"end":{"line":13,"column":24}},"loc":{"start":{"line":13,"column":29},"end":{"line":15,"column":3}},"line":13},"2":{"name":"(anonymous_2)","decl":{"start":{"line":14,"column":49},"end":{"line":14,"column":50}},"loc":{"start":{"line":14,"column":59},"end":{"line":14,"column":67}},"line":14},"3":{"name":"(anonymous_3)","decl":{"start":{"line":17,"column":27},"end":{"line":17,"column":28}},"loc":{"start":{"line":17,"column":33},"end":{"line":19,"column":3}},"line":17},"4":{"name":"(anonymous_4)","decl":{"start":{"line":18,"column":40},"end":{"line":18,"column":41}},"loc":{"start":{"line":18,"column":50},"end":{"line":18,"column":58}},"line":18},"5":{"name":"(anonymous_5)","decl":{"start":{"line":21,"column":26},"end":{"line":21,"column":27}},"loc":{"start":{"line":21,"column":32},"end":{"line":21,"column":49}},"line":21}},"branchMap":{"0":{"loc":{"start":{"line":14,"column":4},"end":{"line":14,"column":69}},"type":"if","locations":[{"start":{"line":14,"column":4},"end":{"line":14,"column":69}},{"start":{},"end":{}}],"line":14},"1":{"loc":{"start":{"line":18,"column":4},"end":{"line":18,"column":60}},"type":"if","locations":[{"start":{"line":18,"column":4},"end":{"line":18,"column":60}},{"start":{},"end":{}}],"line":18}},"s":{"0":1,"1":6,"2":6,"3":6,"4":6,"5":0,"6":0,"7":0,"8":6,"9":0,"10":0,"11":0,"12":6,"13":0,"14":6},"f":{"0":6,"1":0,"2":0,"3":0,"4":0,"5":0},"b":{"0":[0,0],"1":[0,0]},"_coverageSchema":"1a1c01bbd47fc00a2c39e90264f33305004495a9","hash":"ed19df1051f77a4fde7c7369fc7232f6c66fdf1c"}
,"/Users/kiranjothundal/Documents/hospital-dashboard/src/hooks/usePatientFilter.ts": {"path":"/Users/kiranjothundal/Documents/hospital-dashboard/src/hooks/usePatientFilter.ts","statementMap":{"0":{"start":{"line":5,"column":19},"end":{"line":5,"column":41}},"1":{"start":{"line":7,"column":32},"end":{"line":27,"column":1}},"2":{"start":{"line":8,"column":46},"end":{"line":11,"column":4}},"3":{"start":{"line":9,"column":26},"end":{"line":9,"column":58}},"4":{"start":{"line":10,"column":4},"end":{"line":10,"column":58}},"5":{"start":{"line":13,"column":2},"end":{"line":15,"column":23}},"6":{"start":{"line":14,"column":4},"end":{"line":14,"column":69}},"7":{"start":{"line":17,"column":27},"end":{"line":19,"column":32}},"8":{"start":{"line":18,"column":4},"end":{"line":18,"column":50}},"9":{"start":{"line":21,"column":23},"end":{"line":24,"column":3}},"10":{"start":{"line":22,"column":4},"end":{"line":22,"column":26}},"11":{"start":{"line":23,"column":4},"end":{"line":23,"column":40}},"12":{"start":{"line":26,"column":2},"end":{"line":26,"column":79}}},"fnMap":{"0":{"name":"(anonymous_0)","decl":{"start":{"line":7,"column":32},"end":{"line":7,"column":33}},"loc":{"start":{"line":7,"column":57},"end":{"line":27,"column":1}},"line":7},"1":{"name":"(anonymous_1)","decl":{"start":{"line":8,"column":71},"end":{"line":8,"column":72}},"loc":{"start":{"line":8,"column":77},"end":{"line":11,"column":3}},"line":8},"2":{"name":"(anonymous_2)","decl":{"start":{"line":13,"column":12},"end":{"line":13,"column":13}},"loc":{"start":{"line":13,"column":18},"end":{"line":15,"column":3}},"line":13},"3":{"name":"(anonymous_3)","decl":{"start":{"line":17,"column":35},"end":{"line":17,"column":36}},"loc":{"start":{"line":17,"column":41},"end":{"line":19,"column":3}},"line":17},"4":{"name":"(anonymous_4)","decl":{"start":{"line":21,"column":23},"end":{"line":21,"column":24}},"loc":{"start":{"line":21,"column":29},"end":{"line":24,"column":3}},"line":21}},"branchMap":{"0":{"loc":{"start":{"line":10,"column":11},"end":{"line":10,"column":57}},"type":"cond-expr","locations":[{"start":{"line":10,"column":27},"end":{"line":10,"column":52}},{"start":{"line":10,"column":55},"end":{"line":10,"column":57}}],"line":10}},"s":{"0":1,"1":1,"2":11,"3":5,"4":5,"5":11,"6":5,"7":11,"8":5,"9":11,"10":0,"11":0,"12":11},"f":{"0":11,"1":5,"2":5,"3":5,"4":0},"b":{"0":[0,5]},"_coverageSchema":"1a1c01bbd47fc00a2c39e90264f33305004495a9","hash":"e7aed95e2be2a64e8da1fb8d173b9d88e3ef979a"}
,"/Users/kiranjothundal/Documents/hospital-dashboard/src/hooks/usePatientStats.ts": {"path":"/Users/kiranjothundal/Documents/hospital-dashboard/src/hooks/usePatientStats.ts","statementMap":{"0":{"start":{"line":21,"column":31},"end":{"line":74,"column":1}},"1":{"start":{"line":22,"column":2},"end":{"line":73,"column":17}},"2":{"start":{"line":23,"column":32},"end":{"line":37,"column":5}},"3":{"start":{"line":26,"column":35},"end":{"line":26,"column":54}},"4":{"start":{"line":27,"column":37},"end":{"line":27,"column":58}},"5":{"start":{"line":39,"column":4},"end":{"line":70,"column":5}},"6":{"start":{"line":40,"column":6},"end":{"line":42,"column":8}},"7":{"start":{"line":41,"column":36},"end":{"line":41,"column":47}},"8":{"start":{"line":44,"column":6},"end":{"line":69,"column":9}},"9":{"start":{"line":45,"column":38},"end":{"line":47,"column":22}},"10":{"start":{"line":49,"column":8},"end":{"line":52,"column":9}},"11":{"start":{"line":51,"column":10},"end":{"line":51,"column":42}},"12":{"start":{"line":54,"column":8},"end":{"line":57,"column":9}},"13":{"start":{"line":56,"column":10},"end":{"line":56,"column":41}},"14":{"start":{"line":59,"column":8},"end":{"line":61,"column":9}},"15":{"start":{"line":60,"column":10},"end":{"line":60,"column":41}},"16":{"start":{"line":63,"column":8},"end":{"line":65,"column":9}},"17":{"start":{"line":64,"column":10},"end":{"line":64,"column":42}},"18":{"start":{"line":66,"column":8},"end":{"line":68,"column":9}},"19":{"start":{"line":67,"column":10},"end":{"line":67,"column":41}},"20":{"start":{"line":72,"column":4},"end":{"line":72,"column":17}}},"fnMap":{"0":{"name":"(anonymous_0)","decl":{"start":{"line":21,"column":31},"end":{"line":21,"column":32}},"loc":{"start":{"line":21,"column":70},"end":{"line":74,"column":1}},"line":21},"1":{"name":"(anonymous_1)","decl":{"start":{"line":22,"column":17},"end":{"line":22,"column":18}},"loc":{"start":{"line":22,"column":23},"end":{"line":73,"column":3}},"line":22},"2":{"name":"(anonymous_2)","decl":{"start":{"line":26,"column":30},"end":{"line":26,"column":31}},"loc":{"start":{"line":26,"column":35},"end":{"line":26,"column":54}},"line":26},"3":{"name":"(anonymous_3)","decl":{"start":{"line":27,"column":32},"end":{"line":27,"column":33}},"loc":{"start":{"line":27,"column":37},"end":{"line":27,"column":58}},"line":27},"4":{"name":"(anonymous_4)","decl":{"start":{"line":41,"column":24},"end":{"line":41,"column":25}},"loc":{"start":{"line":41,"column":36},"end":{"line":41,"column":47}},"line":41},"5":{"name":"(anonymous_5)","decl":{"start":{"line":44,"column":23},"end":{"line":44,"column":24}},"loc":{"start":{"line":44,"column":34},"end":{"line":69,"column":7}},"line":44}},"branchMap":{"0":{"loc":{"start":{"line":39,"column":4},"end":{"line":70,"column":5}},"type":"if","locations":[{"start":{"line":39,"column":4},"end":{"line":70,"column":5}},{"start":{},"end":{}}],"line":39},"1":{"loc":{"start":{"line":49,"column":8},"end":{"line":52,"column":9}},"type":"if","locations":[{"start":{"line":49,"column":8},"end":{"line":52,"column":9}},{"start":{},"end":{}}],"line":49},"2":{"loc":{"start":{"line":49,"column":12},"end":{"line":50,"column":70}},"type":"binary-expr","locations":[{"start":{"line":49,"column":12},"end":{"line":49,"column":68}},{"start":{"line":50,"column":12},"end":{"line":50,"column":70}}],"line":49},"3":{"loc":{"start":{"line":54,"column":8},"end":{"line":57,"column":9}},"type":"if","locations":[{"start":{"line":54,"column":8},"end":{"line":57,"column":9}},{"start":{},"end":{}}],"line":54},"4":{"loc":{"start":{"line":54,"column":12},"end":{"line":55,"column":69}},"type":"binary-expr","locations":[{"start":{"line":54,"column":12},"end":{"line":54,"column":67}},{"start":{"line":55,"column":12},"end":{"line":55,"column":69}}],"line":54},"5":{"loc":{"start":{"line":59,"column":8},"end":{"line":61,"column":9}},"type":"if","locations":[{"start":{"line":59,"column":8},"end":{"line":61,"column":9}},{"start":{},"end":{}}],"line":59},"6":{"loc":{"start":{"line":63,"column":8},"end":{"line":65,"column":9}},"type":"if","locations":[{"start":{"line":63,"column":8},"end":{"line":65,"column":9}},{"start":{},"end":{}}],"line":63},"7":{"loc":{"start":{"line":66,"column":8},"end":{"line":68,"column":9}},"type":"if","locations":[{"start":{"line":66,"column":8},"end":{"line":68,"column":9}},{"start":{},"end":{}}],"line":66}},"s":{"0":1,"1":6,"2":3,"3":3,"4":3,"5":3,"6":2,"7":3,"8":2,"9":3,"10":3,"11":0,"12":3,"13":0,"14":3,"15":0,"16":3,"17":0,"18":3,"19":0,"20":3},"f":{"0":6,"1":3,"2":3,"3":3,"4":3,"5":3},"b":{"0":[2,1],"1":[0,3],"2":[3,3],"3":[0,3],"4":[3,3],"5":[0,3],"6":[0,3],"7":[0,3]},"_coverageSchema":"1a1c01bbd47fc00a2c39e90264f33305004495a9","hash":"84fe3b2bd2e82b0d2597107f7e1676fbdf80424a"}
,"/Users/kiranjothundal/Documents/hospital-dashboard/src/hooks/useSearch.ts": {"path":"/Users/kiranjothundal/Documents/hospital-dashboard/src/hooks/useSearch.ts","statementMap":{"0":{"start":{"line":4,"column":25},"end":{"line":47,"column":1}},"1":{"start":{"line":5,"column":38},"end":{"line":5,"column":50}},"2":{"start":{"line":6,"column":48},"end":{"line":6,"column":60}},"3":{"start":{"line":8,"column":2},"end":{"line":12,"column":36}},"4":{"start":{"line":9,"column":4},"end":{"line":11,"column":5}},"5":{"start":{"line":10,"column":6},"end":{"line":10,"column":29}},"6":{"start":{"line":14,"column":27},"end":{"line":44,"column":45}},"7":{"start":{"line":15,"column":24},"end":{"line":15,"column":48}},"8":{"start":{"line":16,"column":18},"end":{"line":16,"column":47}},"9":{"start":{"line":18,"column":4},"end":{"line":43,"column":7}},"10":{"start":{"line":19,"column":6},"end":{"line":27,"column":7}},"11":{"start":{"line":20,"column":8},"end":{"line":26,"column":10}},"12":{"start":{"line":21,"column":10},"end":{"line":21,"column":47}},"13":{"start":{"line":24,"column":12},"end":{"line":24,"column":49}},"14":{"start":{"line":29,"column":20},"end":{"line":30,"column":57}},"15":{"start":{"line":30,"column":8},"end":{"line":30,"column":57}},"16":{"start":{"line":33,"column":6},"end":{"line":42,"column":8}},"17":{"start":{"line":46,"column":2},"end":{"line":46,"column":77}}},"fnMap":{"0":{"name":"(anonymous_0)","decl":{"start":{"line":4,"column":25},"end":{"line":4,"column":26}},"loc":{"start":{"line":4,"column":50},"end":{"line":47,"column":1}},"line":4},"1":{"name":"(anonymous_1)","decl":{"start":{"line":8,"column":12},"end":{"line":8,"column":13}},"loc":{"start":{"line":8,"column":18},"end":{"line":12,"column":3}},"line":8},"2":{"name":"(anonymous_2)","decl":{"start":{"line":14,"column":35},"end":{"line":14,"column":36}},"loc":{"start":{"line":14,"column":41},"end":{"line":44,"column":3}},"line":14},"3":{"name":"(anonymous_3)","decl":{"start":{"line":18,"column":27},"end":{"line":18,"column":28}},"loc":{"start":{"line":18,"column":40},"end":{"line":43,"column":5}},"line":18},"4":{"name":"(anonymous_4)","decl":{"start":{"line":20,"column":43},"end":{"line":20,"column":44}},"loc":{"start":{"line":21,"column":10},"end":{"line":21,"column":47}},"line":21},"5":{"name":"(anonymous_5)","decl":{"start":{"line":23,"column":63},"end":{"line":23,"column":64}},"loc":{"start":{"line":24,"column":12},"end":{"line":24,"column":49}},"line":24},"6":{"name":"(anonymous_6)","decl":{"start":{"line":29,"column":20},"end":{"line":29,"column":21}},"loc":{"start":{"line":30,"column":8},"end":{"line":30,"column":57}},"line":30}},"branchMap":{"0":{"loc":{"start":{"line":9,"column":4},"end":{"line":11,"column":5}},"type":"if","locations":[{"start":{"line":9,"column":4},"end":{"line":11,"column":5}},{"start":{},"end":{}}],"line":9},"1":{"loc":{"start":{"line":9,"column":8},"end":{"line":9,"column":57}},"type":"binary-expr","locations":[{"start":{"line":9,"column":8},"end":{"line":9,"column":23}},{"start":{"line":9,"column":27},"end":{"line":9,"column":57}}],"line":9},"2":{"loc":{"start":{"line":19,"column":6},"end":{"line":27,"column":7}},"type":"if","locations":[{"start":{"line":19,"column":6},"end":{"line":27,"column":7}},{"start":{},"end":{}}],"line":19},"3":{"loc":{"start":{"line":20,"column":15},"end":{"line":26,"column":9}},"type":"binary-expr","locations":[{"start":{"line":20,"column":15},"end":{"line":22,"column":9}},{"start":{"line":23,"column":10},"end":{"line":23,"column":24}},{"start":{"line":23,"column":28},"end":{"line":25,"column":11}}],"line":20},"4":{"loc":{"start":{"line":34,"column":8},"end":{"line":41,"column":41}},"type":"binary-expr","locations":[{"start":{"line":34,"column":8},"end":{"line":34,"column":25}},{"start":{"line":35,"column":8},"end":{"line":35,"column":27}},{"start":{"line":36,"column":8},"end":{"line":36,"column":27}},{"start":{"line":37,"column":8},"end":{"line":37,"column":29}},{"start":{"line":38,"column":8},"end":{"line":38,"column":26}},{"start":{"line":39,"column":8},"end":{"line":39,"column":43}},{"start":{"line":40,"column":8},"end":{"line":40,"column":39}},{"start":{"line":41,"column":8},"end":{"line":41,"column":41}}],"line":34}},"s":{"0":1,"1":20,"2":20,"3":20,"4":20,"5":3,"6":20,"7":20,"8":20,"9":20,"10":2036,"11":6,"12":30,"13":11,"14":2030,"15":8395,"16":2030,"17":20},"f":{"0":20,"1":20,"2":20,"3":2036,"4":30,"5":11,"6":8395},"b":{"0":[3,17],"1":[20,3],"2":[6,2030],"3":[6,4,4],"4":[2030,1007,893,893,893,893,893,893]},"_coverageSchema":"1a1c01bbd47fc00a2c39e90264f33305004495a9","hash":"5acf2053f4ac8eb31b4307f38c864ac7b5f26b8c"}
,"/Users/kiranjothundal/Documents/hospital-dashboard/src/hooks/useWebSocket.ts": {"path":"/Users/kiranjothundal/Documents/hospital-dashboard/src/hooks/useWebSocket.ts","statementMap":{"0":{"start":{"line":13,"column":28},"end":{"line":132,"column":1}},"1":{"start":{"line":14,"column":19},"end":{"line":14,"column":35}},"2":{"start":{"line":15,"column":22},"end":{"line":15,"column":38}},"3":{"start":{"line":17,"column":33},"end":{"line":87,"column":3}},"4":{"start":{"line":19,"column":6},"end":{"line":84,"column":7}},"5":{"start":{"line":20,"column":8},"end":{"line":26,"column":10}},"6":{"start":{"line":28,"column":8},"end":{"line":44,"column":11}},"7":{"start":{"line":29,"column":10},"end":{"line":29,"column":54}},"8":{"start":{"line":29,"column":39},"end":{"line":29,"column":54}},"9":{"start":{"line":30,"column":34},"end":{"line":38,"column":11}},"10":{"start":{"line":31,"column":12},"end":{"line":37,"column":23}},"11":{"start":{"line":39,"column":10},"end":{"line":39,"column":75}},"12":{"start":{"line":41,"column":10},"end":{"line":41,"column":76}},"13":{"start":{"line":43,"column":10},"end":{"line":43,"column":33}},"14":{"start":{"line":46,"column":8},"end":{"line":63,"column":10}},"15":{"start":{"line":49,"column":12},"end":{"line":49,"column":41}},"16":{"start":{"line":49,"column":26},"end":{"line":49,"column":41}},"17":{"start":{"line":50,"column":35},"end":{"line":54,"column":13}},"18":{"start":{"line":56,"column":12},"end":{"line":59,"column":14}},"19":{"start":{"line":61,"column":12},"end":{"line":61,"column":34}},"20":{"start":{"line":65,"column":8},"end":{"line":80,"column":17}},"21":{"start":{"line":66,"column":10},"end":{"line":66,"column":43}},"22":{"start":{"line":68,"column":10},"end":{"line":79,"column":13}},"23":{"start":{"line":69,"column":12},"end":{"line":69,"column":56}},"24":{"start":{"line":69,"column":41},"end":{"line":69,"column":56}},"25":{"start":{"line":70,"column":36},"end":{"line":74,"column":13}},"26":{"start":{"line":71,"column":14},"end":{"line":73,"column":25}},"27":{"start":{"line":76,"column":12},"end":{"line":76,"column":78}},"28":{"start":{"line":78,"column":12},"end":{"line":78,"column":35}},"29":{"start":{"line":82,"column":8},"end":{"line":82,"column":66}},"30":{"start":{"line":83,"column":8},"end":{"line":83,"column":54}},"31":{"start":{"line":90,"column":18},"end":{"line":124,"column":40}},"32":{"start":{"line":91,"column":15},"end":{"line":91,"column":50}},"33":{"start":{"line":93,"column":4},"end":{"line":96,"column":6}},"34":{"start":{"line":94,"column":6},"end":{"line":94,"column":41}},"35":{"start":{"line":95,"column":6},"end":{"line":95,"column":35}},"36":{"start":{"line":98,"column":4},"end":{"line":110,"column":6}},"37":{"start":{"line":99,"column":6},"end":{"line":109,"column":7}},"38":{"start":{"line":100,"column":24},"end":{"line":100,"column":46}},"39":{"start":{"line":101,"column":8},"end":{"line":105,"column":9}},"40":{"start":{"line":102,"column":10},"end":{"line":102,"column":42}},"41":{"start":{"line":104,"column":10},"end":{"line":104,"column":59}},"42":{"start":{"line":107,"column":8},"end":{"line":107,"column":55}},"43":{"start":{"line":108,"column":8},"end":{"line":108,"column":54}},"44":{"start":{"line":112,"column":4},"end":{"line":116,"column":6}},"45":{"start":{"line":113,"column":6},"end":{"line":113,"column":44}},"46":{"start":{"line":114,"column":6},"end":{"line":114,"column":36}},"47":{"start":{"line":115,"column":6},"end":{"line":115,"column":32}},"48":{"start":{"line":118,"column":4},"end":{"line":121,"column":6}},"49":{"start":{"line":119,"column":6},"end":{"line":119,"column":47}},"50":{"start":{"line":120,"column":6},"end":{"line":120,"column":55}},"51":{"start":{"line":123,"column":4},"end":{"line":123,"column":14}},"52":{"start":{"line":126,"column":2},"end":{"line":131,"column":16}},"53":{"start":{"line":127,"column":15},"end":{"line":127,"column":24}},"54":{"start":{"line":128,"column":4},"end":{"line":130,"column":6}},"55":{"start":{"line":129,"column":6},"end":{"line":129,"column":17}},"56":{"start":{"line":137,"column":2},"end":{"line":144,"column":4}}},"fnMap":{"0":{"name":"(anonymous_0)","decl":{"start":{"line":13,"column":28},"end":{"line":13,"column":29}},"loc":{"start":{"line":13,"column":34},"end":{"line":132,"column":1}},"line":13},"1":{"name":"(anonymous_1)","decl":{"start":{"line":18,"column":4},"end":{"line":18,"column":5}},"loc":{"start":{"line":18,"column":35},"end":{"line":85,"column":5}},"line":18},"2":{"name":"(anonymous_2)","decl":{"start":{"line":28,"column":54},"end":{"line":28,"column":55}},"loc":{"start":{"line":28,"column":72},"end":{"line":44,"column":9}},"line":28},"3":{"name":"(anonymous_3)","decl":{"start":{"line":30,"column":46},"end":{"line":30,"column":47}},"loc":{"start":{"line":31,"column":12},"end":{"line":37,"column":23}},"line":31},"4":{"name":"(anonymous_4)","decl":{"start":{"line":48,"column":10},"end":{"line":48,"column":11}},"loc":{"start":{"line":48,"co
[...]
6":{"start":{"line":45,"column":26},"end":{"line":45,"column":52}},"17":{"start":{"line":46,"column":24},"end":{"line":46,"column":48}},"18":{"start":{"line":48,"column":6},"end":{"line":56,"column":7}},"19":{"start":{"line":55,"column":8},"end":{"line":55,"column":20}},"20":{"start":{"line":58,"column":6},"end":{"line":60,"column":7}},"21":{"start":{"line":59,"column":8},"end":{"line":59,"column":21}},"22":{"start":{"line":63,"column":4},"end":{"line":68,"column":5}},"23":{"start":{"line":64,"column":8},"end":{"line":64,"column":87}},"24":{"start":{"line":66,"column":6},"end":{"line":66,"column":19}},"25":{"start":{"line":70,"column":4},"end":{"line":70,"column":16}}},"fnMap":{"0":{"name":"(anonymous_0)","decl":{"start":{"line":16,"column":28},"end":{"line":16,"column":29}},"loc":{"start":{"line":16,"column":90},"end":{"line":72,"column":1}},"line":16},"1":{"name":"(anonymous_1)","decl":{"start":{"line":17,"column":25},"end":{"line":17,"column":26}},"loc":{"start":{"line":17,"column":38},"end":{"line":71,"column":3}},"line":17}},"branchMap":{"0":{"loc":{"start":{"line":18,"column":4},"end":{"line":23,"column":5}},"type":"if","locations":[{"start":{"line":18,"column":4},"end":{"line":23,"column":5}},{"start":{},"end":{}}],"line":18},"1":{"loc":{"start":{"line":19,"column":6},"end":{"line":20,"column":78}},"type":"binary-expr","locations":[{"start":{"line":19,"column":6},"end":{"line":19,"column":19}},{"start":{"line":20,"column":6},"end":{"line":20,"column":78}}],"line":19},"2":{"loc":{"start":{"line":25,"column":4},"end":{"line":30,"column":5}},"type":"if","locations":[{"start":{"line":25,"column":4},"end":{"line":30,"column":5}},{"start":{},"end":{}}],"line":25},"3":{"loc":{"start":{"line":27,"column":6},"end":{"line":29,"column":7}},"type":"if","locations":[{"start":{"line":27,"column":6},"end":{"line":29,"column":7}},{"start":{},"end":{}}],"line":27},"4":{"loc":{"start":{"line":27,"column":10},"end":{"line":27,"column":54}},"type":"binary-expr","locations":[{"start":{"line":27,"column":10},"end":{"line":27,"column":30}},{"start":{"line":27,"column":34},"end":{"line":27,"column":54}}],"line":27},"5":{"loc":{"start":{"line":32,"column":4},"end":{"line":34,"column":5}},"type":"if","locations":[{"start":{"line":32,"column":4},"end":{"line":34,"column":5}},{"start":{},"end":{}}],"line":32},"6":{"loc":{"start":{"line":32,"column":8},"end":{"line":32,"column":61}},"type":"binary-expr","locations":[{"start":{"line":32,"column":8},"end":{"line":32,"column":23}},{"start":{"line":32,"column":27},"end":{"line":32,"column":61}}],"line":32},"7":{"loc":{"start":{"line":36,"column":4},"end":{"line":38,"column":5}},"type":"if","locations":[{"start":{"line":36,"column":4},"end":{"line":38,"column":5}},{"start":{},"end":{}}],"line":36},"8":{"loc":{"start":{"line":36,"column":8},"end":{"line":36,"column":90}},"type":"binary-expr","locations":[{"start":{"line":36,"column":8},"end":{"line":36,"column":21}},{"start":{"line":36,"column":25},"end":{"line":36,"column":90}}],"line":36},"9":{"loc":{"start":{"line":40,"column":4},"end":{"line":61,"column":5}},"type":"if","locations":[{"start":{"line":40,"column":4},"end":{"line":61,"column":5}},{"start":{},"end":{}}],"line":40},"10":{"loc":{"start":{"line":44,"column":25},"end":{"line":44,"column":101}},"type":"cond-expr","locations":[{"start":{"line":44,"column":59},"end":{"line":44,"column":94}},{"start":{"line":44,"column":97},"end":{"line":44,"column":101}}],"line":44},"11":{"loc":{"start":{"line":48,"column":6},"end":{"line":56,"column":7}},"type":"if","locations":[{"start":{"line":48,"column":6},"end":{"line":56,"column":7}},{"start":{},"end":{}}],"line":48},"12":{"loc":{"start":{"line":49,"column":8},"end":{"line":53,"column":46}},"type":"binary-expr","locations":[{"start":{"line":49,"column":9},"end":{"line":49,"column":15}},{"start":{"line":49,"column":19},"end":{"line":49,"column":38}},{"start":{"line":49,"column":42},"end":{"line":49,"column":58}},{"start":{"line":50,"column":9},"end":{"line":50,"column":18}},{"start":{"line":50,"column":22},"end":{"line":50,"column":47}},{"start":{"line":50,"column":51},"end":{"line":50,"column":67}},{"start":{"line":51,"column":9},"end":{"line":51,"column":26}},{"start":{"line":52,"column":10},"end":{"line":52,"column":33}},{"start":{"line":53,"column":11},"end":{"line":53,"column":25}},{"start":{"line":53,"column":29},"end":{"line":53,"column":44}}],"line":49},"13":{"loc":{"start":{"line":58,"column":6},"end":{"line":60,"column":7}},"type":"if","locations":[{"start":{"line":58,"column":6},"end":{"line":60,"column":7}},{"start":{},"end":{}}],"line":58},"14":{"loc":{"start":{"line":58,"column":10},"end":{"line":58,"column":50}},"type":"binary-expr","locations":[{"start":{"line":58,"column":10},"end":{"line":58,"column":16}},{"start":{"line":58,"column":20},"end":{"line":58,"column":29}},{"start":{"line":58,"column":33},"end":{"line":58,"column":50}}],"line":58},"15":{"loc":{"start":{"line":63,"column":4},"end":{"line":68,"column":5}},"type":"if","locations":[{"start":{"line":63,"column":4},"end":{"line":68,"column":5}},{"start":{},"end":{}}],"line":63},"16":{"loc":{"start":{"line":63,"column":8},"end":{"line":63,"column":52}},"type":"binary-expr","locations":[{"start":{"line":63,"column":8},"end":{"line":63,"column":30}},{"start":{"line":63,"column":34},"end":{"line":63,"column":52}}],"line":63}},"s":{"0":1,"1":5,"2":6,"3":0,"4":6,"5":0,"6":0,"7":0,"8":6,"9":0,"10":6,"11":0,"12":6,"13":0,"14":0,"15":0,"16":0,"17":0,"18":0,"19":0,"20":0,"21":0,"22":6,"23":0,"24":0,"25":6},"f":{"0":5,"1":6},"b":{"0":[0,6],"1":[6,0],"2":[0,6],"3":[0,0],"4":[0,0],"5":[0,6],"6":[6,0],"7":[0,6],"8":[6,0],"9":[0,6],"10":[0,0],"11":[0,0],"12":[0,0,0,0,0,0,0,0,0,0],"13":[0,0],"14":[0,0,0],"15":[0,6],"16":[6,0]},"_coverageSchema":"1a1c01bbd47fc00a2c39e90264f33305004495a9","hash":"56a3bdfc326c3a7c45c3c492e5048a108b941353"}
,"/Users/kiranjothundal/Documents/hospital-dashboard/src/utils/getBuildInfo.ts": {"path":"/Users/kiranjothundal/Documents/hospital-dashboard/src/utils/getBuildInfo.ts","statementMap":{"0":{"start":{"line":1,"column":28},"end":{"line":17,"column":3}},"1":{"start":{"line":2,"column":4},"end":{"line":16,"column":5}},"2":{"start":{"line":3,"column":6},"end":{"line":3,"column":44}},"3":{"start":{"line":4,"column":23},"end":{"line":4,"column":54}},"4":{"start":{"line":5,"column":6},"end":{"line":5,"column":48}},"5":{"start":{"line":7,"column":6},"end":{"line":9,"column":7}},"6":{"start":{"line":8,"column":8},"end":{"line":8,"column":66}},"7":{"start":{"line":10,"column":19},"end":{"line":10,"column":40}},"8":{"start":{"line":11,"column":6},"end":{"line":11,"column":46}},"9":{"start":{"line":12,"column":6},"end":{"line":12,"column":18}},"10":{"start":{"line":14,"column":6},"end":{"line":14,"column":61}},"11":{"start":{"line":15,"column":6},"end":{"line":15,"column":18}}},"fnMap":{"0":{"name":"(anonymous_0)","decl":{"start":{"line":1,"column":28},"end":{"line":1,"column":29}},"loc":{"start":{"line":1,"column":40},"end":{"line":17,"column":3}},"line":1}},"branchMap":{"0":{"loc":{"start":{"line":7,"column":6},"end":{"line":9,"column":7}},"type":"if","locations":[{"start":{"line":7,"column":6},"end":{"line":9,"column":7}},{"start":{},"end":{}}],"line":7}},"s":{"0":1,"1":3,"2":3,"3":3,"4":0,"5":0,"6":0,"7":0,"8":0,"9":0,"10":3,"11":3},"f":{"0":3},"b":{"0":[0,0]},"_coverageSchema":"1a1c01bbd47fc00a2c39e90264f33305004495a9","hash":"1c7d4c76829875363eee965df8147717bf86798b"}
,"/Users/kiranjothundal/Documents/hospital-dashboard/src/utils/handleWebSocketMessage.ts": {"path":"/Users/kiranjothundal/Documents/hospital-dashboard/src/utils/handleWebSocketMessage.ts","statementMap":{"0":{"start":{"line":8,"column":38},"end":{"line":72,"column":1}},"1":{"start":{"line":13,"column":2},"end":{"line":71,"column":3}},"2":{"start":{"line":14,"column":4},"end":{"line":20,"column":6}},"3":{"start":{"line":22,"column":4},"end":{"line":33,"column":7}},"4":{"start":{"line":23,"column":6},"end":{"line":23,"column":50}},"5":{"start":{"line":23,"column":35},"end":{"line":23,"column":50}},"6":{"start":{"line":25,"column":30},"end":{"line":29,"column":7}},"7":{"start":{"line":26,"column":8},"end":{"line":28,"column":19}},"8":{"start":{"line":31,"column":6},"end":{"line":31,"column":72}},"9":{"start":{"line":32,"column":6},"end":{"line":32,"column":29}},"10":{"start":{"line":36,"column":4},"end":{"line":50,"column":6}},"11":{"start":{"line":39,"column":8},"end":{"line":39,"column":37}},"12":{"start":{"line":39,"column":22},"end":{"line":39,"column":37}},"13":{"start":{"line":41,"column":31},"end":{"line":45,"column":9}},"14":{"start":{"line":47,"column":8},"end":{"line":47,"column":93}},"15":{"start":{"line":48,"column":8},"end":{"line":48,"column":30}},"16":{"start":{"line":52,"column":4},"end":{"line":67,"column":13}},"17":{"start":{"line":53,"column":6},"end":{"line":53,"column":39}},"18":{"start":{"line":55,"column":6},"end":{"line":66,"column":9}},"19":{"start":{"line":56,"column":8},"end":{"line":56,"column":52}},"20":{"start":{"line":56,"column":37},"end":{"line":56,"column":52}},"21":{"start":{"line":58,"column":32},"end":{"line":62,"column":9}},"22":{"start":{"line":59,"column":10},"end":{"line":61,"column":21}},"23":{"start":{"line":64,"column":8},"end":{"line":64,"column":74}},"24":{"start":{"line":65,"column":8},"end":{"line":65,"column":31}},"25":{"start":{"line":69,"column":4},"end":{"line":69,"column":62}},"26":{"start":{"line":70,"column":4},"end":{"line":70,"column":50}}},"fnMap":{"0":{"name":"(anonymous_0)","decl":{"start":{"line":8,"column":38},"end":{"line":8,"column":39}},"loc":{"start":{"line":12,"column":5},"end":{"line":72,"column":1}},"line":12},"1":{"name":"(anonymous_1)","decl":{"start":{"line":22,"column":50},"end":{"line":22,"column":51}},"loc":{"start":{"line":22,"column":68},"end":{"line":33,"column":5}},"line":22},"2":{"name":"(anonymous_2)","decl":{"start":{"line":25,"column":42},"end":{"line":25,"column":43}},"loc":{"start":{"line":26,"column":8},"end":{"line":28,"column":19}},"line":26},"3":{"name":"(anonymous_3)","decl":{"start":{"line":38,"column":6},"end":{"line":38,"column":7}},"loc":{"start":{"line":38,"column":24},"end":{"line":49,"column":7}},"line":38},"4":{"name":"(anonymous_4)","decl":{"start":{"line":52,"column":15},"end":{"line":52,"column":16}},"loc":{"start":{"line":52,"column":21},"end":{"line":67,"column":5}},"line":52},"5":{"name":"(anonymous_5)","decl":{"start":{"line":55,"column":52},"end":{"line":55,"column":53}},"loc":{"start":{"line":55,"column":70},"end":{"line":66,"column":7}},"line":55},"6":{"name":"(anonymous_6)","decl":{"start":{"line":58,"column":44},"end":{"line":58,"column":45}},"loc":{"start":{"line":59,"column":10},"end":{"line":61,"column":21}},"line":59}},"branchMap":{"0":{"loc":{"start":{"line":23,"column":6},"end":{"line":23,"column":50}},"type":"if","locations":[{"start":{"line":23,"column":6},"end":{"line":23,"column":50}},{"start":{},"end":{}}],"line":23},"1":{"loc":{"start":{"line":26,"column":8},"end":{"line":28,"column":19}},"type":"cond-expr","locations":[{"start":{"line":27,"column":12},"end":{"line":27,"column":93}},{"start":{"line":28,"column":12},"end":{"line":28,"column":19}}],"line":26},"2":{"loc":{"start":{"line":39,"column":8},"end":{"line":39,"column":37}},"type":"if","locations":[{"start":{"line":39,"column":8},"end":{"line":39,"column":37}},{"start":{},"end":{}}],"line":39},"3":{"loc":{"start":{"line":56,"column":8},"end":{"line":56,"column":52}},"type":"if","locations":[{"start":{"line":56,"column":8},"end":{"line":56,"column":52}},{"start":{},"end":{}}],"line":56},"4":{"loc":{"start":{"line":59,"column":10},"end":{"line":61,"column":21}},"type":"cond-expr","locations":[{"start":{"line":60,"column":14},"end":{"line":60,"column":46}},{"start":{"line":61,"column":14},"end":{"line":61,"column":21}}],"line":59}},"s":{"0":0,"1":0,"2":0,"3":0,"4":0,"5":0,"6":0,"7":0,"8":0,"9":0,"10":0,"11":0,"12":0,"13":0,"14":0,"15":0,"16":0,"17":0,"18":0,"19":0,"20":0,"21":0,"22":0,"23":0,"24":0,"25":0,"26":0},"f":{"0":0,"1":0,"2":0,"3":0,"4":0,"5":0,"6":0},"b":{"0":[0,0],"1":[0,0],"2":[0,0],"3":[0,0],"4":[0,0]}}
,"/Users/kiranjothundal/Documents/hospital-dashboard/src/utils/sorting.ts": {"path":"/Users/kiranjothundal/Documents/hospital-dashboard/src/utils/sorting.ts","statementMap":{"0":{"start":{"line":4,"column":28},"end":{"line":41,"column":1}},"1":{"start":{"line":5,"column":2},"end":{"line":40,"column":5}},"2":{"start":{"line":6,"column":4},"end":{"line":39,"column":5}},"3":{"start":{"line":11,"column":8},"end":{"line":13,"column":79}},"4":{"start":{"line":16,"column":8},"end":{"line":18,"column":26}},"5":{"start":{"line":21,"column":30},"end":{"line":21,"column":75}},"6":{"start":{"line":22,"column":28},"end":{"line":22,"column":73}},"7":{"start":{"line":23,"column":8},"end":{"line":25,"column":34}},"8":{"start":{"line":28,"column":8},"end":{"line":30,"column":52}},"9":{"start":{"line":33,"column":8},"end":{"line":35,"column":56}},"10":{"start":{"line":38,"column":8},"end":{"line":38,"column":17}}},"fnMap":{"0":{"name":"(anonymous_0)","decl":{"start":{"line":4,"column":28},"end":{"line":4,"column":29}},"loc":{"start":{"line":4,"column":88},"end":{"line":41,"column":1}},"line":4},"1":{"name":"(anonymous_1)","decl":{"start":{"line":5,"column":28},"end":{"line":5,"column":29}},"loc":{"start":{"line":5,"column":38},"end":{"line":40,"column":3}},"line":5}},"branchMap":{"0":{"loc":{"start":{"line":6,"column":4},"end":{"line":39,"column":5}},"type":"switch","locations":[{"start":{"line":7,"column":6},"end":{"line":7,"column":16}},{"start":{"line":8,"column":6},"end":{"line":8,"column":18}},{"start":{"line":9,"column":6},"end":{"line":9,"column":18}},{"start":{"line":10,"column":6},"end":{"line":13,"column":79}},{"start":{"line":15,"column":6},"end":{"line":18,"column":26}},{"start":{"line":20,"column":6},"end":{"line":25,"column":36}},{"start":{"line":27,"column":6},"end":{"line":30,"column":52}},{"start":{"line":32,"column":6},"end":{"line":35,"column":56}},{"start":{"line":37,"column":6},"end":{"line":38,"column":17}}],"line":6},"1":{"loc":{"start":{"line":11,"column":15},"end":{"line":13,"column":78}},"type":"cond-expr","locations":[{"start":{"line":12,"column":12},"end":{"line":12,"column":78}},{"start":{"line":13,"column":12},"end":{"line":13,"column":78}}],"line":11},"2":{"loc":{"start":{"line":16,"column":15},"end":{"line":18,"column":25}},"type":"cond-expr","locations":[{"start":{"line":17,"column":12},"end":{"line":17,"column":25}},{"start":{"line":18,"column":12},"end":{"line":18,"column":25}}],"line":16},"3":{"loc":{"start":{"line":23,"column":15},"end":{"line":25,"column":33}},"type":"cond-expr","locations":[{"start":{"line":24,"column":12},"end":{"line":24,"column":33}},{"start":{"line":25,"column":12},"end":{"line":25,"column":33}}],"line":23},"4":{"loc":{"start":{"line":28,"column":15},"end":{"line":30,"column":51}},"type":"cond-expr","locations":[{"start":{"line":29,"column":12},"end":{"line":29,"column":51}},{"start":{"line":30,"column":12},"end":{"line":30,"column":51}}],"line":28},"5":{"loc":{"start":{"line":33,"column":15},"end":{"line":35,"column":55}},"type":"cond-expr","locations":[{"start":{"line":34,"column":12},"end":{"line":34,"column":55}},{"start":{"line":35,"column":12},"end":{"line":35,"column":55}}],"line":33}},"s":{"0":0,"1":0,"2":0,"3":0,"4":0,"5":0,"6":0,"7":0,"8":0,"9":0,"10":0},"f":{"0":0,"1":0},"b":{"0":[0,0,0,0,0,0,0,0,0],"1":[0,0],"2":[0,0],"3":[0,0],"4":[0,0],"5":[0,0]}}
,"/Users/kiranjothundal/Documents/hospital-dashboard/src/utils/vitalUtils.ts": {"path":"/Users/kiranjothundal/Documents/hospital-dashboard/src/utils/vitalUtils.ts","statementMap":{"0":{"start":{"line":4,"column":29},"end":{"line":41,"column":1}},"1":{"start":{"line":5,"column":32},"end":{"line":5,"column":75}},"2":{"start":{"line":6,"column":19},"end":{"line":7,"column":77}},"3":{"start":{"line":8,"column":18},"end":{"line":9,"column":75}},"4":{"start":{"line":11,"column":19},"end":{"line":11,"column":70}},"5":{"start":{"line":12,"column":18},"end":{"line":12,"column":68}},"6":{"start":{"line":14,"column":18},"end":{"line":14,"column":72}},"7":{"start":{"line":16,"column":21},"end":{"line":16,"column":50}},"8":{"start":{"line":17,"column":21},"end":{"line":17,"column":50}},"9":{"start":{"line":18,"column":21},"end":{"line":18,"column":36}},"10":{"start":{"line":20,"column":24},"end":{"line":20,"column":60}},"11":{"start":{"line":22,"column":29},"end":{"line":26,"column":3}},"12":{"start":{"line":23,"column":4},"end":{"line":23,"column":81}},"13":{"start":{"line":23,"column":60},"end":{"line":23,"column":81}},"14":{"start":{"line":24,"column":4},"end":{"line":24,"column":56}},"15":{"start":{"line":24,"column":33},"end":{"line":24,"column":56}},"16":{"start":{"line":25,"column":4},"end":{"line":25,"column":23}},"17":{"start":{"line":27,"column":2},"end":{"line":40,"column":4}}},"fnMap":{"0":{"name":"(anonymous_0)","decl":{"start":{"line":4,"column":29},"end":{"line":4,"column":30}},"loc":{"start":{"line":4,"column":53},"end":{"line":41,"column":1}},"line":4},"1":{"name":"(anonymous_1)","decl":{"start":{"line":22,"column":29},"end":{"line":22,"column":30}},"loc":{"start":{"line":22,"column":35},"end":{"line":26,"column":3}},"line":22}},"branchMap":{"0":{"loc":{"start":{"line":6,"column":19},"end":{"line":7,"column":77}},"type":"binary-expr","locations":[{"start":{"line":6,"column":19},"end":{"line":6,"column":75}},{"start":{"line":7,"column":19},"end":{"line":7,"column":77}}],"line":6},"1":{"loc":{"start":{"line":8,"column":18},"end":{"line":9,"column":75}},"type":"binary-expr","locations":[{"start":{"line":8,"column":18},"end":{"line":8,"column":73}},{"start":{"line":9,"column":18},"end":{"line":9,"column":75}}],"line":8},"2":{"loc":{"start":{"line":16,"column":21},"end":{"line":16,"column":50}},"type":"cond-expr","locations":[{"start":{"line":16,"column":45},"end":{"line":16,"column":46}},{"start":{"line":16,"column":49},"end":{"line":16,"column":50}}],"line":16},"3":{"loc":{"start":{"line":16,"column":22},"end":{"line":16,"column":41}},"type":"binary-expr","locations":[{"start":{"line":16,"column":22},"end":{"line":16,"column":30}},{"start":{"line":16,"column":34},"end":{"line":16,"column":41}}],"line":16},"4":{"loc":{"start":{"line":17,"column":21},"end":{"line":17,"column":50}},"type":"cond-expr","locations":[{"start":{"line":17,"column":45},"end":{"line":17,"column":46}},{"start":{"line":17,"column":49},"end":{"line":17,"column":50}}],"line":17},"5":{"loc":{"start":{"line":17,"column":22},"end":{"line":17,"column":41}},"type":"binary-expr","locations":[{"start":{"line":17,"column":22},"end":{"line":17,"column":30}},{"start":{"line":17,"column":34},"end":{"line":17,"column":41}}],"line":17},"6":{"loc":{"start":{"line":18,"column":21},"end":{"line":18,"column":36}},"type":"cond-expr","locations":[{"start":{"line":18,"column":31},"end":{"line":18,"column":32}},{"start":{"line":18,"column":35},"end":{"line":18,"column":36}}],"line":18},"7":{"loc":{"start":{"line":23,"column":4},"end":{"line":23,"column":81}},"type":"if","locations":[{"start":{"line":23,"column":4},"end":{"line":23,"column":81}},{"start":{},"end":{}}],"line":23},"8":{"loc":{"start":{"line":23,"column":8},"end":{"line":23,"column":58}},"type":"binary-expr","locations":[{"start":{"line":23,"column":8},"end":{"line":23,"column":31}},{"start":{"line":23,"column":35},"end":{"line":23,"column":58}}],"line":23},"9":{"loc":{"start":{"line":24,"column":4},"end":{"line":24,"column":56}},"type":"if","locations":[{"start":{"line":24,"column":4},"end":{"line":24,"column":56}},{"start":{},"end":{}}],"line":24}},"s":{"0":2,"1":8,"2":8,"3":8,"4":8,"5":8,"6":8,"7":8,"8":8,"9":8,"10":8,"11":8,"12":0,"13":0,"14":0,"15":0,"16":0,"17":8},"f":{"0":8,"1":0},"b":{"0":[8,8],"1":[8,8],"2":[0,8],"3":[8,8],"4":[0,8],"5":[8,8],"6":[0,8],"7":[0,0],"8":[0,0],"9":[0,0]},"_coverageSchema":"1a1c01bbd47fc00a2c39e90264f33305004495a9","hash":"3e28c53b284696741c567d2ba83cae9016a72307"}
}
