TN:
SF:src/App.tsx
FN:10,(anonymous_0)
FN:17,App
FNF:2
FNH:0
FNDA:0,(anonymous_0)
FNDA:0,App
DA:10,0
DA:11,0
DA:12,0
DA:14,0
DA:18,0
LF:5
LH:0
BRF:0
BRH:0
end_of_record
TN:
SF:src/__tests__/test-utils.tsx
FN:24,(anonymous_0)
FN:34,(anonymous_1)
FN:50,Wrapper
FN:67,(anonymous_3)
FN:67,(anonymous_4)
FN:68,(anonymous_5)
FNF:6
FNH:3
FNDA:10,(anonymous_0)
FNDA:10,(anonymous_1)
FNDA:11,Wrapper
FNDA:0,(anonymous_3)
FNDA:0,(anonymous_4)
FNDA:0,(anonymous_5)
DA:24,2
DA:25,10
DA:34,2
DA:42,10
DA:51,11
DA:60,10
DA:67,2
DA:68,0
LF:8
LH:7
BRDA:36,0,0,10
BRDA:37,1,0,10
BRDA:38,2,0,10
BRF:3
BRH:3
end_of_record
TN:
SF:src/__tests__/types.ts
FNF:0
FNH:0
LF:0
LH:0
BRF:0
BRH:0
end_of_record
TN:
SF:src/__tests__/test-utils/mockData.ts
FN:4,(anonymous_0)
FN:32,(anonymous_1)
FN:33,(anonymous_2)
FNF:3
FNH:3
FNDA:10,(anonymous_0)
FNDA:1,(anonymous_1)
FNDA:1000,(anonymous_2)
DA:4,10
DA:32,3
DA:33,1000
LF:3
LH:3
BRDA:32,0,0,1
BRDA:37,1,0,500
BRDA:37,1,1,500
BRF:3
BRH:3
end_of_record
TN:
SF:src/__tests__/test-utils/mockHooks.ts
FN:5,(anonymous_0)
FNF:1
FNH:1
FNDA:7,(anonymous_0)
DA:5,1
DA:16,7
LF:2
LH:2
BRDA:6,0,0,2
BRDA:7,1,0,6
BRDA:8,2,0,6
BRDA:9,3,0,6
BRF:4
BRH:4
end_of_record
TN:
SF:src/__tests__/test-utils/searchTestHelpers.ts
FN:3,(anonymous_0)
FN:11,(anonymous_1)
FNF:2
FNH:0
FNDA:0,(anonymous_0)
FNDA:0,(anonymous_1)
DA:3,0
DA:11,0
DA:12,0
DA:14,0
DA:16,0
DA:17,0
LF:6
LH:0
BRDA:16,0,0,0
BRDA:16,0,1,0
BRF:2
BRH:0
end_of_record
TN:
SF:src/__tests__/test-utils/testHelpers.ts
FN:4,(anonymous_0)
FN:5,(anonymous_1)
FN:10,(anonymous_2)
FN:11,(anonymous_3)
FNF:4
FNH:4
FNDA:2,(anonymous_0)
FNDA:3,(anonymous_1)
FNDA:1,(anonymous_2)
FNDA:1,(anonymous_3)
DA:4,1
DA:5,2
DA:6,3
DA:10,1
DA:11,1
DA:12,1
LF:6
LH:6
BRF:0
BRH:0
end_of_record
TN:
SF:src/components/layout/Dashboard.tsx
FN:22,(anonymous_0)
FN:41,(anonymous_1)
FN:59,(anonymous_2)
FN:84,(anonymous_3)
FN:85,(anonymous_4)
FN:88,(anonymous_5)
FN:105,(anonymous_6)
FN:126,(anonymous_7)
FN:128,(anonymous_8)
FNF:9
FNH:5
FNDA:6,(anonymous_0)
FNDA:6,(anonymous_1)
FNDA:12,(anonymous_2)
FNDA:6,(anonymous_3)
FNDA:6,(anonymous_4)
FNDA:0,(anonymous_5)
FNDA:0,(anonymous_6)
FNDA:0,(anonymous_7)
FNDA:0,(anonymous_8)
DA:19,1
DA:20,1
DA:22,1
DA:35,6
DA:42,6
DA:44,6
DA:59,1
DA:60,12
DA:62,12
DA:63,11
DA:71,11
DA:73,11
DA:74,11
DA:76,11
DA:82,11
DA:84,11
DA:85,6
DA:88,11
DA:89,0
DA:90,0
DA:91,0
DA:92,0
DA:93,0
DA:94,0
DA:98,11
DA:99,10
DA:101,9
DA:105,0
DA:126,0
DA:128,0
LF:30
LH:21
BRDA:66,0,0,0
BRDA:93,1,0,0
BRDA:93,1,1,0
BRDA:98,2,0,1
BRDA:98,2,1,10
BRDA:99,3,0,1
BRDA:99,3,1,9
BRDA:99,4,0,10
BRDA:99,4,1,1
BRDA:103,5,0,9
BRDA:103,5,1,0
BRDA:114,6,0,9
BRDA:114,6,1,0
BRF:13
BRH:8
end_of_record
TN:
SF:src/components/layout/Header.tsx
FN:11,(anonymous_0)
FN:14,(anonymous_1)
FN:15,(anonymous_2)
FNF:3
FNH:3
FNDA:6,(anonymous_0)
FNDA:3,(anonymous_1)
FNDA:3,(anonymous_2)
DA:11,1
DA:12,6
DA:14,6
DA:15,3
DA:18,6
LF:5
LH:5
BRDA:23,0,0,6
BRDA:23,0,1,6
BRDA:26,1,0,6
BRDA:26,1,1,0
BRF:4
BRH:3
end_of_record
TN:
SF:src/components/patient/PatientFilterPanel.tsx
FN:9,(anonymous_0)
FN:27,(anonymous_1)
FN:29,(anonymous_2)
FN:75,(anonymous_3)
FN:86,(anonymous_4)
FN:87,(anonymous_5)
FN:94,(anonymous_6)
FN:95,(anonymous_7)
FN:106,(anonymous_8)
FN:121,(anonymous_9)
FN:132,(anonymous_10)
FN:137,(anonymous_11)
FN:138,(anonymous_12)
FN:158,(anonymous_13)
FNF:14
FNH:6
FNDA:6,(anonymous_0)
FNDA:2,(anonymous_1)
FNDA:3,(anonymous_2)
FNDA:0,(anonymous_3)
FNDA:1,(anonymous_4)
FNDA:1,(anonymous_5)
FNDA:0,(anonymous_6)
FNDA:0,(anonymous_7)
FNDA:0,(anonymous_8)
FNDA:0,(anonymous_9)
FNDA:18,(anonymous_10)
FNDA:0,(anonymous_11)
FNDA:0,(anonymous_12)
FNDA:0,(anonymous_13)
DA:9,2
DA:13,6
DA:14,6
DA:18,6
DA:19,6
DA:20,6
DA:25,6
DA:27,6
DA:29,3
DA:31,2
DA:40,2
DA:43,6
DA:75,0
DA:87,1
DA:95,0
DA:106,0
DA:121,0
DA:133,18
DA:138,0
DA:158,0
LF:20
LH:14
BRDA:29,0,0,0
BRDA:29,0,1,2
BRDA:87,1,0,1
BRDA:87,1,1,0
BRDA:95,2,0,0
BRDA:95,2,1,0
BRF:6
BRH:2
end_of_record
TN:
SF:src/components/patient/PatientRow.tsx
FN:9,(anonymous_0)
FNF:1
FNH:1
FNDA:6,(anonymous_0)
DA:9,1
DA:10,6
DA:11,6
DA:13,6
LF:4
LH:4
BRDA:16,0,0,0
BRDA:16,0,1,6
BRDA:17,1,0,0
BRDA:17,1,1,6
BRDA:24,2,0,6
BRDA:24,2,1,0
BRDA:44,3,0,0
BRDA:44,3,1,6
BRDA:44,4,0,6
BRDA:44,4,1,6
BRDA:47,5,0,0
BRDA:47,5,1,6
BRDA:47,6,0,6
BRDA:47,6,1,6
BRDA:50,7,0,0
BRDA:50,7,1,6
BRF:16
BRH:10
end_of_record
TN:
SF:src/components/patient/PatientSummary.tsx
FN:19,(anonymous_0)
FN:41,(anonymous_1)
FN:90,(anonymous_2)
FNF:3
FNH:3
FNDA:18,(anonymous_0)
FNDA:6,(anonymous_1)
FNDA:18,(anonymous_2)
DA:19,1
DA:20,18
DA:41,1
DA:42,6
DA:43,6
DA:49,6
DA:91,18
LF:7
LH:7
BRDA:23,0,0,0
BRDA:23,0,1,18
BRDA:24,1,0,0
BRDA:24,1,1,18
BRDA:25,2,0,0
BRDA:25,2,1,18
BRDA:30,3,0,18
BRDA:30,3,1,6
BRDA:41,4,0,6
BRDA:93,5,0,0
BRDA:93,5,1,18
BRF:11
BRH:7
end_of_record
TN:
SF:src/components/patient/PatientTable.tsx
FN:14,(anonymous_0)
FN:29,(anonymous_1)
FN:39,(anonymous_2)
FN:42,(anonymous_3)
FN:65,(anonymous_4)
FNF:5
FNH:4
FNDA:6,(anonymous_0)
FNDA:36,(anonymous_1)
FNDA:36,(anonymous_2)
FNDA:0,(anonymous_3)
FNDA:6,(anonymous_4)
DA:14,1
DA:27,6
DA:29,6
DA:30,36
DA:32,6
DA:39,6
DA:40,36
DA:42,0
DA:51,6
DA:66,6
LF:10
LH:9
BRDA:17,0,0,6
BRDA:30,1,0,30
BRDA:30,1,1,6
BRDA:32,2,0,6
BRDA:32,2,1,0
BRF:5
BRH:4
end_of_record
TN:
SF:src/components/patient/VitalsDisplay.tsx
FN:8,(anonymous_0)
FNF:1
FNH:0
FNDA:0,(anonymous_0)
DA:8,0
DA:9,0
LF:2
LH:0
BRDA:9,0,0,0
BRDA:9,0,1,0
BRF:2
BRH:0
end_of_record
TN:
SF:src/components/shared/SortableData.tsx
FN:30,(anonymous_0)
FN:42,(anonymous_1)
FN:43,(anonymous_2)
FN:54,(anonymous_3)
FN:66,(anonymous_4)
FN:72,(anonymous_5)
FN:104,(anonymous_6)
FN:114,(anonymous_7)
FNF:8
FNH:7
FNDA:9,(anonymous_0)
FNDA:4,(anonymous_1)
FNDA:4,(anonymous_2)
FNDA:0,(anonymous_3)
FNDA:16,(anonymous_4)
FNDA:11,(anonymous_5)
FNDA:22,(anonymous_6)
FNDA:16,(anonymous_7)
DA:31,9
DA:32,8
DA:42,8
DA:43,4
DA:54,8
DA:55,0
DA:56,0
DA:66,8
DA:67,16
DA:68,16
DA:70,16
DA:72,12
DA:73,11
DA:74,1
DA:75,1
DA:76,1
DA:81,10
DA:82,10
DA:84,10
DA:86,10
DA:87,5
DA:88,5
DA:89,5
DA:92,5
DA:93,5
DA:96,0
DA:97,0
DA:100,0
DA:105,22
DA:115,16
LF:30
LH:25
BRDA:33,0,0,4
BRDA:33,0,1,4
BRDA:36,1,0,4
BRDA:36,1,1,0
BRDA:47,2,0,1
BRDA:47,2,1,3
BRDA:47,3,0,4
BRDA:47,3,1,1
BRDA:57,4,0,0
BRDA:57,4,1,0
BRDA:60,5,0,0
BRDA:60,5,1,0
BRDA:70,6,0,4
BRDA:70,6,1,12
BRDA:73,7,0,1
BRDA:73,7,1,10
BRDA:73,8,0,11
BRDA:73,8,1,11
BRDA:73,8,2,11
BRDA:76,9,0,1
BRDA:76,9,1,0
BRDA:84,10,0,9
BRDA:84,10,1,1
BRDA:86,11,0,5
BRDA:86,11,1,5
BRDA:86,12,0,10
BRDA:86,12,1,5
BRDA:86,12,2,5
BRDA:92,13,0,5
BRDA:92,13,1,0
BRDA:92,14,0,5
BRDA:92,14,1,5
BRDA:96,15,0,0
BRDA:96,15,1,0
BRDA:96,16,0,0
BRDA:96,16,1,0
BRDA:106,17,0,22
BRDA:106,17,1,22
BRDA:106,17,2,22
BRDA:106,17,3,22
BRDA:106,17,4,22
BRF:41
BRH:30
end_of_record
TN:
SF:src/components/ui/ConnectionStatus.tsx
FN:5,(anonymous_0)
FNF:1
FNH:1
FNDA:6,(anonymous_0)
DA:5,1
DA:6,6
LF:2
LH:2
BRDA:7,0,0,0
BRDA:7,0,1,6
BRDA:9,1,0,0
BRDA:9,1,1,6
BRF:4
BRH:2
end_of_record
TN:
SF:src/components/ui/ErrorMessage.tsx
FN:5,(anonymous_0)
FNF:1
FNH:1
FNDA:1,(anonymous_0)
DA:5,1
DA:6,1
LF:2
LH:2
BRF:0
BRH:0
end_of_record
TN:
SF:src/components/ui/LoadingSpinner.tsx
FN:1,(anonymous_0)
FNF:1
FNH:1
FNDA:1,(anonymous_0)
DA:1,1
DA:2,1
LF:2
LH:2
BRF:0
BRH:0
end_of_record
TN:
SF:src/components/ui/SearchAndFilterBar.tsx
FN:13,(anonymous_0)
FN:27,(anonymous_1)
FN:39,(anonymous_2)
FNF:3
FNH:2
FNDA:6,(anonymous_0)
FNDA:1,(anonymous_1)
FNDA:0,(anonymous_2)
DA:13,1
DA:21,6
DA:27,1
DA:40,0
LF:4
LH:3
BRF:0
BRH:0
end_of_record
TN:
SF:src/config/constants.ts
FNF:0
FNH:0
DA:1,2
DA:20,2
DA:40,2
DA:46,2
DA:55,2
LF:5
LH:5
BRF:0
BRH:0
end_of_record
TN:
SF:src/hocs/withLoading.tsx
FN:10,withLoading
FN:13,WithLoadingComponent
FNF:2
FNH:2
FNDA:2,withLoading
FNDA:12,WithLoadingComponent
DA:13,2
DA:16,12
DA:18,12
DA:19,0
DA:22,12
DA:23,0
DA:26,12
LF:7
LH:5
BRDA:18,0,0,0
BRDA:18,0,1,12
BRDA:22,1,0,0
BRDA:22,1,1,12
BRF:4
BRH:2
end_of_record
TN:
SF:src/hooks/queries.ts
FN:7,(anonymous_0)
FN:18,(anonymous_1)
FN:21,(anonymous_2)
FN:24,(anonymous_3)
FN:43,(anonymous_4)
FN:58,(anonymous_5)
FN:61,(anonymous_6)
FN:81,(anonymous_7)
FN:95,(anonymous_8)
FN:103,(anonymous_9)
FN:126,(anonymous_10)
FN:136,(anonymous_11)
FN:138,(anonymous_12)
FN:155,(anonymous_13)
FNF:14
FNH:0
FNDA:0,(anonymous_0)
FNDA:0,(anonymous_1)
FNDA:0,(anonymous_2)
FNDA:0,(anonymous_3)
FNDA:0,(anonymous_4)
FNDA:0,(anonymous_5)
FNDA:0,(anonymous_6)
FNDA:0,(anonymous_7)
FNDA:0,(anonymous_8)
FNDA:0,(anonymous_9)
FNDA:0,(anonymous_10)
FNDA:0,(anonymous_11)
FNDA:0,(anonymous_12)
FNDA:0,(anonymous_13)
DA:5,0
DA:7,0
DA:16,0
DA:18,0
DA:21,0
DA:22,0
DA:25,0
DA:26,0
DA:27,0
DA:29,0
DA:30,0
DA:33,0
DA:34,0
DA:36,0
DA:40,0
DA:44,0
DA:45,0
DA:46,0
DA:47,0
DA:49,0
DA:50,0
DA:58,0
DA:59,0
DA:62,0
DA:63,0
DA:64,0
DA:66,0
DA:67,0
DA:70,0
DA:71,0
DA:73,0
DA:78,0
DA:82,0
DA:83,0
DA:84,0
DA:85,0
DA:87,0
DA:95,0
DA:96,0
DA:98,0
DA:104,0
DA:105,0
DA:106,0
DA:108,0
DA:109,0
DA:112,0
DA:116,0
DA:118,0
DA:123,0
DA:128,0
DA:134,0
DA:137,0
DA:138,0
DA:139,0
DA:145,0
DA:146,0
DA:147,0
DA:148,0
DA:151,0
DA:155,0
LF:60
LH:0
BRDA:29,0,0,0
BRDA:29,0,1,0
BRDA:37,1,0,0
BRDA:37,1,1,0
BRDA:46,2,0,0
BRDA:46,2,1,0
BRDA:66,3,0,0
BRDA:66,3,1,0
BRDA:74,4,0,0
BRDA:74,4,1,0
BRDA:84,5,0,0
BRDA:84,5,1,0
BRDA:108,6,0,0
BRDA:108,6,1,0
BRDA:119,7,0,0
BRDA:119,7,1,0
BRDA:137,8,0,0
BRDA:137,8,1,0
BRDA:139,9,0,0
BRDA:139,9,1,0
BRDA:147,10,0,0
BRDA:147,10,1,0
BRF:22
BRH:0
end_of_record
TN:
SF:src/hooks/redux.ts
FN:4,(anonymous_0)
FNF:1
FNH:0
FNDA:0,(anonymous_0)
DA:4,1
DA:5,1
LF:2
LH:2
BRF:0
BRH:0
end_of_record
TN:
SF:src/hooks/useHydrateCache.ts
FN:5,(anonymous_0)
FN:6,(anonymous_1)
FNF:2
FNH:0
FNDA:0,(anonymous_0)
FNDA:0,(anonymous_1)
DA:5,0
DA:6,0
DA:7,0
DA:8,0
DA:9,0
DA:10,0
DA:12,0
DA:13,0
LF:8
LH:0
BRDA:8,0,0,0
BRDA:8,0,1,0
BRF:2
BRH:0
end_of_record
TN:
SF:src/hooks/usePagination.ts
FN:3,(anonymous_0)
FN:13,(anonymous_1)
FN:14,(anonymous_2)
FN:17,(anonymous_3)
FN:18,(anonymous_4)
FN:21,(anonymous_5)
FNF:6
FNH:1
FNDA:6,(anonymous_0)
FNDA:0,(anonymous_1)
FNDA:0,(anonymous_2)
FNDA:0,(anonymous_3)
FNDA:0,(anonymous_4)
FNDA:0,(anonymous_5)
DA:3,1
DA:4,6
DA:6,6
DA:8,6
DA:13,6
DA:14,0
DA:17,6
DA:18,0
DA:21,6
DA:23,6
LF:10
LH:8
BRDA:14,0,0,0
BRDA:14,0,1,0
BRDA:18,1,0,0
BRDA:18,1,1,0
BRF:4
BRH:0
end_of_record
TN:
SF:src/hooks/usePatientFilter.ts
FN:7,(anonymous_0)
FN:8,(anonymous_1)
FN:13,(anonymous_2)
FN:17,(anonymous_3)
FN:21,(anonymous_4)
FNF:5
FNH:4
FNDA:11,(anonymous_0)
FNDA:5,(anonymous_1)
FNDA:5,(anonymous_2)
FNDA:5,(anonymous_3)
FNDA:0,(anonymous_4)
DA:5,1
DA:7,1
DA:8,11
DA:9,5
DA:10,5
DA:13,11
DA:14,5
DA:17,11
DA:18,5
DA:21,11
DA:22,0
DA:23,0
DA:26,11
LF:13
LH:11
BRDA:10,0,0,0
BRDA:10,0,1,5
BRF:2
BRH:1
end_of_record
TN:
SF:src/hooks/usePatientStats.ts
FN:21,(anonymous_0)
FN:22,(anonymous_1)
FN:26,(anonymous_2)
FN:27,(anonymous_3)
FN:41,(anonymous_4)
FN:44,(anonymous_5)
FNF:6
FNH:6
FNDA:6,(anonymous_0)
FNDA:3,(anonymous_1)
FNDA:3,(anonymous_2)
FNDA:3,(anonymous_3)
FNDA:3,(anonymous_4)
FNDA:3,(anonymous_5)
DA:21,1
DA:22,6
DA:23,3
DA:26,3
DA:27,3
DA:39,3
DA:40,2
DA:41,3
DA:44,2
DA:45,3
DA:49,3
DA:51,0
DA:54,3
DA:56,0
DA:59,3
DA:60,0
DA:63,3
DA:64,0
DA:66,3
DA:67,0
DA:72,3
LF:21
LH:16
BRDA:39,0,0,2
BRDA:39,0,1,1
BRDA:49,1,0,0
BRDA:49,1,1,3
BRDA:49,2,0,3
BRDA:49,2,1,3
BRDA:54,3,0,0
BRDA:54,3,1,3
BRDA:54,4,0,3
BRDA:54,4,1,3
BRDA:59,5,0,0
BRDA:59,5,1,3
BRDA:63,6,0,0
BRDA:63,6,1,3
BRDA:66,7,0,0
BRDA:66,7,1,3
BRF:16
BRH:11
end_of_record
TN:
SF:src/hooks/useSearch.ts
FN:4,(anonymous_0)
FN:8,(anonymous_1)
FN:14,(anonymous_2)
FN:18,(anonymous_3)
FN:20,(anonymous_4)
FN:23,(anonymous_5)
FN:29,(anonymous_6)
FNF:7
FNH:7
FNDA:20,(anonymous_0)
FNDA:20,(anonymous_1)
FNDA:20,(anonymous_2)
FNDA:2036,(anonymous_3)
FNDA:30,(anonymous_4)
FNDA:11,(anonymous_5)
FNDA:8395,(anonymous_6)
DA:4,1
DA:5,20
DA:6,20
DA:8,20
DA:9,20
DA:10,3
DA:14,20
DA:15,20
DA:16,20
DA:18,20
DA:19,2036
DA:20,6
DA:21,30
DA:24,11
DA:29,2030
DA:30,8395
DA:33,2030
DA:46,20
LF:18
LH:18
BRDA:9,0,0,3
BRDA:9,0,1,17
BRDA:9,1,0,20
BRDA:9,1,1,3
BRDA:19,2,0,6
BRDA:19,2,1,2030
BRDA:20,3,0,6
BRDA:20,3,1,4
BRDA:20,3,2,4
BRDA:34,4,0,2030
BRDA:34,4,1,1007
BRDA:34,4,2,893
BRDA:34,4,3,893
BRDA:34,4,4,893
BRDA:34,4,5,893
BRDA:34,4,6,893
BRDA:34,4,7,893
BRF:17
BRH:17
end_of_record
TN:
SF:src/hooks/useWebSocket.ts
FN:13,(anonymous_0)
FN:18,(anonymous_1)
FN:28,(anonymous_2)
FN:30,(anonymous_3)
FN:48,(anonymous_4)
FN:65,(anonymous_5)
FN:68,(anonymous_6)
FN:70,(anonymous_7)
FN:90,(anonymous_8)
FN:93,(anonymous_9)
FN:98,(anonymous_10)
FN:112,(anonymous_11)
FN:118,(anonymous_12)
FN:126,(anonymous_13)
FN:128,(anonymous_14)
FN:134,isValidWebSocketMessage
FNF:16
FNH:0
FNDA:0,(anonymous_0)
FNDA:0,(anonymous_1)
FNDA:0,(anonymous_2)
FNDA:0,(anonymous_3)
FNDA:0,(anonymous_4)
FNDA:0,(anonymous_5)
FNDA:0,(anonymous_6)
FNDA:0,(anonymous_7)
FNDA:0,(anonymous_8)
FNDA:0,(anonymous_9)
FNDA:0,(anonymous_10)
FNDA:0,(anonymous_11)
FNDA:0,(anonymous_12)
FNDA:0,(anonymous_13)
FNDA:0,(anonymous_14)
FNDA:0,isValidWebSocketMessage
DA:13,0
DA:14,0
DA:15,0
DA:17,0
DA:19,0
DA:20,0
DA:28,0
DA:29,0
DA:30,0
DA:31,0
DA:39,0
DA:41,0
DA:43,0
DA:46,0
DA:49,0
DA:50,0
DA:56,0
DA:61,0
DA:65,0
DA:66,0
DA:68,0
DA:69,0
DA:70,0
DA:71,0
DA:76,0
DA:78,0
DA:82,0
DA:83,0
DA:90,0
DA:91,0
DA:93,0
DA:94,0
DA:95,0
DA:98,0
DA:99,0
DA:100,0
DA:101,0
DA:102,0
DA:104,0
DA:107,0
DA:108,0
DA:112,0
DA:113,0
DA:114,0
DA:115,0
DA:118,0
DA:119,0
DA:120,0
DA:123,0
DA:126,0
DA:127,0
DA:128,0
DA:129,0
DA:137,0
LF:54
LH:0
BRDA:29,0,0,0
BRDA:29,0,1,0
BRDA:31,1,0,0
BRDA:31,1,1,0
BRDA:49,2,0,0
BRDA:49,2,1,0
BRDA:69,3,0,0
BRDA:69,3,1,0
BRDA:71,4,0,0
BRDA:71,4,1,0
BRDA:101,5,0,0
BRDA:101,5,1,0
BRDA:138,6,0,0
BRDA:138,6,1,0
BRDA:138,6,2,0
BRDA:138,6,3,0
BRDA:138,6,4,0
BRDA:138,6,5,0
BRF:18
BRH:0
end_of_record
TN:
SF:src/hooks/useWebSocketConnection.ts
FN:3,(anonymous_0)
FN:6,(anonymous_1)
FN:10,(anonymous_2)
FN:12,(anonymous_3)
FN:22,(anonymous_4)
FN:27,(anonymous_5)
FN:31,(anonymous_6)
FNF:7
FNH:0
FNDA:0,(anonymous_0)
FNDA:0,(anonymous_1)
FNDA:0,(anonymous_2)
FNDA:0,(anonymous_3)
FNDA:0,(anonymous_4)
FNDA:0,(anonymous_5)
FNDA:0,(anonymous_6)
DA:3,0
DA:4,0
DA:6,0
DA:7,0
DA:8,0
DA:10,0
DA:12,0
DA:13,0
DA:14,0
DA:15,0
DA:17,0
DA:18,0
DA:22,0
DA:23,0
DA:24,0
DA:27,0
DA:28,0
DA:31,0
DA:32,0
DA:36,0
LF:20
LH:0
BRF:0
BRH:0
end_of_record
TN:
SF:src/services/api.ts
FN:18,(anonymous_0)
FN:27,(anonymous_1)
FN:37,(anonymous_2)
FN:63,(anonymous_3)
FNF:4
FNH:0
FNDA:0,(anonymous_0)
FNDA:0,(anonymous_1)
FNDA:0,(anonymous_2)
FNDA:0,(anonymous_3)
DA:17,0
DA:19,0
DA:20,0
DA:21,0
DA:23,0
DA:24,0
DA:27,0
DA:31,0
DA:33,0
DA:34,0
DA:37,0
DA:38,0
DA:46,0
DA:52,0
DA:53,0
DA:55,0
DA:64,0
LF:17
LH:0
BRDA:23,0,0,0
BRDA:23,0,1,0
BRDA:33,1,0,0
BRDA:33,1,1,0
BRDA:38,2,0,0
BRDA:38,2,1,0
BRDA:38,2,2,0
BRDA:38,2,3,0
BRDA:38,2,4,0
BRDA:38,2,5,0
BRDA:52,3,0,0
BRDA:52,3,1,0
BRDA:58,4,0,0
BRDA:58,4,1,0
BRDA:65,5,0,0
BRDA:65,5,1,0
BRDA:65,5,2,0
BRDA:65,5,3,0
BRDA:65,5,4,0
BRDA:65,5,5,0
BRF:20
BRH:0
end_of_record
TN:
SF:src/services/patientAdapter.ts
FN:6,(anonymous_0)
FN:28,(anonymous_1)
FN:32,(anonymous_2)
FN:40,(anonymous_3)
FN:48,(anonymous_4)
FN:54,(anonymous_5)
FN:58,(anonymous_6)
FNF:7
FNH:0
FNDA:0,(anonymous_0)
FNDA:0,(anonymous_1)
FNDA:0,(anonymous_2)
FNDA:0,(anonymous_3)
FNDA:0,(anonymous_4)
FNDA:0,(anonymous_5)
FNDA:0,(anonymous_6)
DA:5,0
DA:7,0
DA:8,0
DA:9,0
DA:10,0
DA:12,0
DA:21,0
DA:29,0
DA:33,0
DA:34,0
DA:35,0
DA:37,0
DA:41,0
DA:42,0
DA:43,0
DA:45,0
DA:49,0
DA:50,0
DA:51,0
DA:55,0
DA:59,0
DA:60,0
DA:61,0
DA:62,0
DA:64,0
DA:65,0
DA:67,0
DA:68,0
DA:70,0
DA:71,0
DA:73,0
DA:74,0
DA:77,0
LF:33
LH:0
BRDA:34,0,0,0
BRDA:34,0,1,0
BRDA:42,1,0,0
BRDA:42,1,1,0
BRDA:42,2,0,0
BRDA:42,2,1,0
BRDA:55,3,0,0
BRDA:55,3,1,0
BRDA:64,4,0,0
BRDA:64,4,1,0
BRDA:64,5,0,0
BRDA:64,5,1,0
BRDA:67,6,0,0
BRDA:67,6,1,0
BRDA:67,7,0,0
BRDA:67,7,1,0
BRDA:70,8,0,0
BRDA:70,8,1,0
BRDA:70,9,0,0
BRDA:70,9,1,0
BRDA:73,10,0,0
BRDA:73,10,1,0
BRDA:73,11,0,0
BRDA:73,11,1,0
BRF:24
BRH:0
end_of_record
TN:
SF:src/services/patientService.ts
FN:15,(anonymous_0)
FN:17,(anonymous_1)
FN:24,(anonymous_2)
FN:39,(anonymous_3)
FN:49,(anonymous_4)
FN:80,(anonymous_5)
FN:83,(anonymous_6)
FN:90,(anonymous_7)
FN:99,(anonymous_8)
FN:109,(anonymous_9)
FN:114,(anonymous_10)
FN:127,(anonymous_11)
FNF:12
FNH:0
FNDA:0,(anonymous_0)
FNDA:0,(anonymous_1)
FNDA:0,(anonymous_2)
FNDA:0,(anonymous_3)
FNDA:0,(anonymous_4)
FNDA:0,(anonymous_5)
FNDA:0,(anonymous_6)
FNDA:0,(anonymous_7)
FNDA:0,(anonymous_8)
FNDA:0,(anonymous_9)
FNDA:0,(anonymous_10)
FNDA:0,(anonymous_11)
DA:18,0
DA:19,0
DA:21,0
DA:25,0
DA:26,0
DA:27,0
DA:28,0
DA:29,0
DA:36,0
DA:37,0
DA:39,0
DA:40,0
DA:41,0
DA:42,0
DA:44,0
DA:46,0
DA:49,0
DA:50,0
DA:53,0
DA:58,0
DA:60,0
DA:61,0
DA:62,0
DA:63,0
DA:64,0
DA:65,0
DA:66,0
DA:67,0
DA:70,0
DA:72,0
DA:81,0
DA:82,0
DA:83,0
DA:85,0
DA:86,0
DA:91,0
DA:92,0
DA:93,0
DA:95,0
DA:100,0
DA:101,0
DA:102,0
DA:104,0
DA:105,0
DA:110,0
DA:111,0
DA:112,0
DA:114,0
DA:115,0
DA:116,0
DA:123,0
DA:126,0
DA:127,0
DA:129,0
DA:130,0
LF:55
LH:0
BRDA:18,0,0,0
BRDA:18,0,1,0
BRDA:27,1,0,0
BRDA:27,1,1,0
BRDA:60,2,0,0
BRDA:60,2,1,0
BRDA:62,3,0,0
BRDA:62,3,1,0
BRDA:64,4,0,0
BRDA:64,4,1,0
BRDA:66,5,0,0
BRDA:66,5,1,0
BRDA:83,6,0,0
BRDA:83,6,1,0
BRDA:102,7,0,0
BRDA:102,7,1,0
BRDA:112,8,0,0
BRDA:112,8,1,0
BRDA:115,9,0,0
BRDA:115,9,1,0
BRDA:127,10,0,0
BRDA:127,10,1,0
BRF:22
BRH:0
end_of_record
TN:
SF:src/store/index.ts
FNF:0
FNH:0
DA:5,0
LF:1
LH:0
BRF:0
BRH:0
end_of_record
TN:
SF:src/store/selectors/patientSelectors.ts
FN:4,(anonymous_0)
FN:5,(anonymous_1)
FN:6,(anonymous_2)
FN:7,(anonymous_3)
FN:11,(anonymous_4)
FNF:5
FNH:2
FNDA:0,(anonymous_0)
FNDA:10,(anonymous_1)
FNDA:10,(anonymous_2)
FNDA:0,(anonymous_3)
FNDA:0,(anonymous_4)
DA:4,1
DA:5,10
DA:6,10
DA:7,1
DA:9,1
DA:11,0
LF:6
LH:5
BRDA:14,0,0,0
BRDA:14,0,1,0
BRDA:15,1,0,0
BRDA:15,1,1,0
BRDA:16,2,0,0
BRDA:16,2,1,0
BRF:6
BRH:0
end_of_record
TN:
SF:src/store/slices/patientSlice.ts
FN:24,(anonymous_0)
FN:27,(anonymous_1)
FN:32,(anonymous_2)
FN:36,(anonymous_3)
FN:38,(anonymous_4)
FN:46,(anonymous_5)
FN:48,(anonymous_6)
FNF:7
FNH:0
FNDA:0,(anonymous_0)
FNDA:0,(anonymous_1)
FNDA:0,(anonymous_2)
FNDA:0,(anonymous_3)
FNDA:0,(anonymous_4)
FNDA:0,(anonymous_5)
FNDA:0,(anonymous_6)
DA:12,2
DA:20,2
DA:25,0
DA:28,0
DA:29,0
DA:30,0
DA:33,0
DA:34,0
DA:37,0
DA:38,0
DA:39,0
DA:40,0
DA:41,0
DA:43,0
DA:44,0
DA:47,0
DA:48,0
DA:49,0
DA:61,2
LF:19
LH:3
BRDA:39,0,0,0
BRDA:39,0,1,0
BRF:2
BRH:0
end_of_record
TN:
SF:src/store/slices/websocketSlice.ts
FN:17,(anonymous_0)
FN:23,(anonymous_1)
FN:27,(anonymous_2)
FNF:3
FNH:0
FNDA:0,(anonymous_0)
FNDA:0,(anonymous_1)
FNDA:0,(anonymous_2)
DA:8,2
DA:13,2
DA:18,0
DA:19,0
DA:20,0
DA:24,0
DA:25,0
DA:28,0
DA:33,2
LF:9
LH:3
BRDA:19,0,0,0
BRDA:19,0,1,0
BRF:2
BRH:0
end_of_record
TN:
SF:src/types/errors.ts
FN:2,(anonymous_0)
FN:13,(anonymous_1)
FN:23,(anonymous_2)
FNF:3
FNH:0
FNDA:0,(anonymous_0)
FNDA:0,(anonymous_1)
FNDA:0,(anonymous_2)
DA:7,0
DA:8,0
DA:17,0
DA:18,0
DA:27,0
DA:28,0
LF:6
LH:0
BRF:0
BRH:0
end_of_record
TN:
SF:src/types/patient.ts
FNF:0
FNH:0
LF:0
LH:0
BRF:0
BRH:0
end_of_record
TN:
SF:src/types/sorting.ts
FNF:0
FNH:0
LF:0
LH:0
BRF:0
BRH:0
end_of_record
TN:
SF:src/utils/QueryClient.ts
FNF:0
FNH:0
DA:3,0
LF:1
LH:0
BRF:0
BRH:0
end_of_record
TN:
SF:src/utils/filterUtils.ts
FN:16,(anonymous_0)
FN:17,(anonymous_1)
FNF:2
FNH:2
FNDA:5,(anonymous_0)
FNDA:6,(anonymous_1)
DA:16,1
DA:17,5
DA:18,6
DA:22,0
DA:25,6
DA:26,0
DA:27,0
DA:28,0
DA:32,6
DA:33,0
DA:36,6
DA:37,0
DA:40,6
DA:41,0
DA:43,0
DA:44,0
DA:45,0
DA:46,0
DA:48,0
DA:55,0
DA:58,0
DA:59,0
DA:63,6
DA:64,0
DA:66,0
DA:70,6
LF:26
LH:9
BRDA:18,0,0,0
BRDA:18,0,1,6
BRDA:19,1,0,6
BRDA:19,1,1,0
BRDA:25,2,0,0
BRDA:25,2,1,6
BRDA:27,3,0,0
BRDA:27,3,1,0
BRDA:27,4,0,0
BRDA:27,4,1,0
BRDA:32,5,0,0
BRDA:32,5,1,6
BRDA:32,6,0,6
BRDA:32,6,1,0
BRDA:36,7,0,0
BRDA:36,7,1,6
BRDA:36,8,0,6
BRDA:36,8,1,0
BRDA:40,9,0,0
BRDA:40,9,1,6
BRDA:44,10,0,0
BRDA:44,10,1,0
BRDA:48,11,0,0
BRDA:48,11,1,0
BRDA:49,12,0,0
BRDA:49,12,1,0
BRDA:49,12,2,0
BRDA:49,12,3,0
BRDA:49,12,4,0
BRDA:49,12,5,0
BRDA:49,12,6,0
BRDA:49,12,7,0
BRDA:49,12,8,0
BRDA:49,12,9,0
BRDA:58,13,0,0
BRDA:58,13,1,0
BRDA:58,14,0,0
BRDA:58,14,1,0
BRDA:58,14,2,0
BRDA:63,15,0,0
BRDA:63,15,1,6
BRDA:63,16,0,6
BRDA:63,16,1,0
BRF:43
BRH:10
end_of_record
TN:
SF:src/utils/getBuildInfo.ts
FN:1,(anonymous_0)
FNF:1
FNH:1
FNDA:3,(anonymous_0)
DA:1,1
DA:2,3
DA:3,3
DA:4,3
DA:5,0
DA:7,0
DA:8,0
DA:10,0
DA:11,0
DA:12,0
DA:14,3
DA:15,3
LF:12
LH:6
BRDA:7,0,0,0
BRDA:7,0,1,0
BRF:2
BRH:0
end_of_record
TN:
SF:src/utils/handleWebSocketMessage.ts
FN:8,(anonymous_0)
FN:22,(anonymous_1)
FN:25,(anonymous_2)
FN:38,(anonymous_3)
FN:52,(anonymous_4)
FN:55,(anonymous_5)
FN:58,(anonymous_6)
FNF:7
FNH:0
FNDA:0,(anonymous_0)
FNDA:0,(anonymous_1)
FNDA:0,(anonymous_2)
FNDA:0,(anonymous_3)
FNDA:0,(anonymous_4)
FNDA:0,(anonymous_5)
FNDA:0,(anonymous_6)
DA:8,0
DA:13,0
DA:14,0
DA:22,0
DA:23,0
DA:25,0
DA:26,0
DA:31,0
DA:32,0
DA:36,0
DA:39,0
DA:41,0
DA:47,0
DA:48,0
DA:52,0
DA:53,0
DA:55,0
DA:56,0
DA:58,0
DA:59,0
DA:64,0
DA:65,0
DA:69,0
DA:70,0
LF:24
LH:0
BRDA:23,0,0,0
BRDA:23,0,1,0
BRDA:26,1,0,0
BRDA:26,1,1,0
BRDA:39,2,0,0
BRDA:39,2,1,0
BRDA:56,3,0,0
BRDA:56,3,1,0
BRDA:59,4,0,0
BRDA:59,4,1,0
BRF:10
BRH:0
end_of_record
TN:
SF:src/utils/sorting.ts
FN:4,(anonymous_0)
FN:5,(anonymous_1)
FNF:2
FNH:0
FNDA:0,(anonymous_0)
FNDA:0,(anonymous_1)
DA:4,0
DA:5,0
DA:6,0
DA:11,0
DA:16,0
DA:21,0
DA:22,0
DA:23,0
DA:28,0
DA:33,0
DA:38,0
LF:11
LH:0
BRDA:6,0,0,0
BRDA:6,0,1,0
BRDA:6,0,2,0
BRDA:6,0,3,0
BRDA:6,0,4,0
BRDA:6,0,5,0
BRDA:6,0,6,0
BRDA:6,0,7,0
BRDA:6,0,8,0
BRDA:11,1,0,0
BRDA:11,1,1,0
BRDA:16,2,0,0
BRDA:16,2,1,0
BRDA:23,3,0,0
BRDA:23,3,1,0
BRDA:28,4,0,0
BRDA:28,4,1,0
BRDA:33,5,0,0
BRDA:33,5,1,0
BRF:19
BRH:0
end_of_record
TN:
SF:src/utils/vitalUtils.ts
FN:4,(anonymous_0)
FN:22,(anonymous_1)
FNF:2
FNH:1
FNDA:8,(anonymous_0)
FNDA:0,(anonymous_1)
DA:4,2
DA:5,8
DA:6,8
DA:8,8
DA:11,8
DA:12,8
DA:14,8
DA:16,8
DA:17,8
DA:18,8
DA:20,8
DA:22,8
DA:23,0
DA:24,0
DA:25,0
DA:27,8
LF:16
LH:13
BRDA:6,0,0,8
BRDA:6,0,1,8
BRDA:8,1,0,8
BRDA:8,1,1,8
BRDA:16,2,0,0
BRDA:16,2,1,8
BRDA:16,3,0,8
BRDA:16,3,1,8
BRDA:17,4,0,0
BRDA:17,4,1,8
BRDA:17,5,0,8
BRDA:17,5,1,8
BRDA:18,6,0,0
BRDA:18,6,1,8
BRDA:23,7,0,0
BRDA:23,7,1,0
BRDA:23,8,0,0
BRDA:23,8,1,0
BRDA:24,9,0,0
BRDA:24,9,1,0
BRF:20
BRH:11
end_of_record
